2021-01-27 04:08:49.899  INFO 14100 --- [main] lavalink.server.Launcher                 : 

[32m       .  [31m _                  _ _       _    [32m__ _ _
[32m      /\\ [31m| | __ ___   ____ _| (_)_ __ | | __[32m\ \ \ \
[32m     ( ( )[31m| |/ _` \ \ / / _` | | | '_ \| |/ /[32m \ \ \ \
[32m      \\/ [31m| | (_| |\ V / (_| | | | | | |   < [32m  ) ) ) )
[32m       '  [31m|_|\__,_| \_/ \__,_|_|_|_| |_|_|\_\[32m / / / /
[0m    =========================================[32m/_/_/_/[0m

	Version:        3.3.2.2
	Build:          1155
	Build time:     28.11.2020 11:50:13 UTC
	Branch          dev
	Commit:         23c883a
	Commit time:    28.11.2020 11:42:10 UTC
	JVM:            13.0.2
	Lavaplayer      1.3.61

2021-01-27 04:08:50.151  INFO 14100 --- [main] lavalink.server.Launcher                 : Starting Launcher on DESKTOP-4I30U5D with PID 14100 (F:\Eg-Bot\Lavalink.jar started by User in F:\Eg-Bot)
2021-01-27 04:08:50.152  INFO 14100 --- [main] lavalink.server.Launcher                 : No active profile set, falling back to default profiles: default
2021-01-27 04:08:50.283  WARN 14100 --- [background-preinit] o.s.h.c.j.Jackson2ObjectMapperBuilder    : For Jackson Kotlin classes support please add "com.fasterxml.jackson.module:jackson-module-kotlin" to the classpath
2021-01-27 04:08:51.801  WARN 14100 --- [main] io.undertow.websockets.jsr               : UT026010: Buffer pool was not set on WebSocketDeploymentInfo, the default pool will be used
2021-01-27 04:08:51.831  INFO 14100 --- [main] io.undertow.servlet                      : Initializing Spring embedded WebApplicationContext
2021-01-27 04:08:51.832  INFO 14100 --- [main] o.s.web.context.ContextLoader            : Root WebApplicationContext: initialization completed in 1615 ms
2021-01-27 04:08:52.315  WARN 14100 --- [main] l.server.config.SentryConfiguration      : Turning off sentry
2021-01-27 04:08:52.675  INFO 14100 --- [main] c.s.d.l.tools.GarbageCollectionMonitor   : GC monitoring enabled, reporting results every 2 minutes.
2021-01-27 04:08:53.149  INFO 14100 --- [main] lavalink.server.config.KoeConfiguration  : OS: Windows 10, Arch: amd64
2021-01-27 04:08:53.150  WARN 14100 --- [main] lavalink.server.config.KoeConfiguration  : This system and architecture appears to not support native audio sending! GC pauses may cause your bot to stutter during playback.
2021-01-27 04:08:53.398  INFO 14100 --- [main] o.s.s.concurrent.ThreadPoolTaskExecutor  : Initializing ExecutorService 'applicationTaskExecutor'
2021-01-27 04:08:53.688  INFO 14100 --- [main] org.xnio                                 : XNIO version 3.3.8.Final
2021-01-27 04:08:53.706  INFO 14100 --- [main] org.xnio.nio                             : XNIO NIO Implementation Version 3.3.8.Final
2021-01-27 04:08:53.771  INFO 14100 --- [main] o.s.b.w.e.u.UndertowServletWebServer     : Undertow started on port(s) 2333 (http) with context path ''
2021-01-27 04:08:53.775  INFO 14100 --- [main] lavalink.server.Launcher                 : Started Launcher in 4.586 seconds (JVM running for 5.403)
2021-01-27 04:08:53.777  INFO 14100 --- [main] lavalink.server.Launcher                 : You can safely ignore the big red warning about illegal reflection. See https://github.com/Frederikam/Lavalink/issues/295
2021-01-27 04:09:26.477  INFO 14100 --- [XNIO-1 task-1] io.undertow.servlet                      : Initializing Spring DispatcherServlet 'dispatcherServlet'
2021-01-27 04:09:26.478  INFO 14100 --- [XNIO-1 task-1] o.s.web.servlet.DispatcherServlet        : Initializing Servlet 'dispatcherServlet'
2021-01-27 04:09:26.485  INFO 14100 --- [XNIO-1 task-1] o.s.web.servlet.DispatcherServlet        : Completed initialization in 7 ms
2021-01-27 04:09:26.510  INFO 14100 --- [XNIO-1 task-1] l.server.io.HandshakeInterceptorImpl     : Incoming connection from /0:0:0:0:0:0:0:1:62431
2021-01-27 04:09:26.612  INFO 14100 --- [XNIO-1 task-1] lavalink.server.io.SocketServer          : Connection successfully established from /0:0:0:0:0:0:0:1:62431
2021-01-27 04:11:33.302  INFO 14100 --- [XNIO-1 task-2] l.server.io.HandshakeInterceptorImpl     : Incoming connection from /0:0:0:0:0:0:0:1:62446
2021-01-27 04:11:33.308  INFO 14100 --- [XNIO-1 task-2] lavalink.server.io.SocketServer          : Connection successfully established from /0:0:0:0:0:0:0:1:62446
2021-01-27 04:27:50.589  INFO 14100 --- [XNIO-1 I/O-7] lavalink.server.io.SocketServer          : Connection closed from /0:0:0:0:0:0:0:1:62431 -- CloseStatus[code=1006, reason=]
2021-01-27 04:27:50.589  INFO 14100 --- [XNIO-1 I/O-8] lavalink.server.io.SocketServer          : Connection closed from /0:0:0:0:0:0:0:1:62446 -- CloseStatus[code=1006, reason=]
2021-01-27 04:27:50.590  INFO 14100 --- [XNIO-1 I/O-7] lavalink.server.io.SocketContext         : Shutting down 0 playing players.
2021-01-27 04:27:50.590  INFO 14100 --- [XNIO-1 I/O-8] lavalink.server.io.SocketContext         : Shutting down 0 playing players.
2021-01-27 04:28:09.135  INFO 14100 --- [XNIO-1 task-3] l.server.io.HandshakeInterceptorImpl     : Incoming connection from /0:0:0:0:0:0:0:1:62574
2021-01-27 04:28:09.139  INFO 14100 --- [XNIO-1 task-3] lavalink.server.io.SocketServer          : Connection successfully established from /0:0:0:0:0:0:0:1:62574
2021-01-27 04:28:46.946  INFO 14100 --- [XNIO-1 I/O-8] lavalink.server.io.SocketServer          : Connection closed from /0:0:0:0:0:0:0:1:62574 -- CloseStatus[code=1006, reason=]
2021-01-27 04:28:46.947  INFO 14100 --- [XNIO-1 I/O-8] lavalink.server.io.SocketContext         : Shutting down 0 playing players.
2021-01-27 04:28:54.095  INFO 14100 --- [XNIO-1 task-4] l.server.io.HandshakeInterceptorImpl     : Incoming connection from /0:0:0:0:0:0:0:1:62583
2021-01-27 04:28:54.100  INFO 14100 --- [XNIO-1 task-4] lavalink.server.io.SocketServer          : Connection successfully established from /0:0:0:0:0:0:0:1:62583
2021-01-27 04:32:20.013  INFO 14100 --- [XNIO-1 I/O-7] lavalink.server.io.SocketServer          : Connection closed from /0:0:0:0:0:0:0:1:62583 -- CloseStatus[code=1006, reason=]
2021-01-27 04:32:20.013  INFO 14100 --- [XNIO-1 I/O-7] lavalink.server.io.SocketContext         : Shutting down 0 playing players.
2021-01-27 04:32:36.228  INFO 14100 --- [XNIO-1 task-5] l.server.io.HandshakeInterceptorImpl     : Incoming connection from /0:0:0:0:0:0:0:1:62604
2021-01-27 04:32:36.232  INFO 14100 --- [XNIO-1 task-5] lavalink.server.io.SocketServer          : Connection successfully established from /0:0:0:0:0:0:0:1:62604
2021-01-27 04:36:59.484  INFO 14100 --- [XNIO-1 I/O-2] lavalink.server.io.SocketServer          : Connection closed from /0:0:0:0:0:0:0:1:62604 -- CloseStatus[code=1006, reason=]
2021-01-27 04:36:59.485  INFO 14100 --- [XNIO-1 I/O-2] lavalink.server.io.SocketContext         : Shutting down 0 playing players.
2021-01-27 04:37:04.389  INFO 14100 --- [XNIO-1 task-6] l.server.io.HandshakeInterceptorImpl     : Incoming connection from /0:0:0:0:0:0:0:1:62635
2021-01-27 04:37:04.393  INFO 14100 --- [XNIO-1 task-6] lavalink.server.io.SocketServer          : Connection successfully established from /0:0:0:0:0:0:0:1:62635
2021-01-27 04:38:58.089  INFO 14100 --- [XNIO-1 I/O-3] lavalink.server.io.SocketServer          : Connection closed from /0:0:0:0:0:0:0:1:62635 -- CloseStatus[code=1006, reason=]
2021-01-27 04:38:58.090  INFO 14100 --- [XNIO-1 I/O-3] lavalink.server.io.SocketContext         : Shutting down 0 playing players.
2021-01-27 04:39:04.425  INFO 14100 --- [XNIO-1 task-7] l.server.io.HandshakeInterceptorImpl     : Incoming connection from /0:0:0:0:0:0:0:1:62648
2021-01-27 04:39:04.430  INFO 14100 --- [XNIO-1 task-7] lavalink.server.io.SocketServer          : Connection successfully established from /0:0:0:0:0:0:0:1:62648
2021-01-27 04:39:49.314  INFO 14100 --- [XNIO-1 I/O-6] lavalink.server.io.SocketServer          : Connection closed from /0:0:0:0:0:0:0:1:62648 -- CloseStatus[code=1006, reason=]
2021-01-27 04:39:49.315  INFO 14100 --- [XNIO-1 I/O-6] lavalink.server.io.SocketContext         : Shutting down 0 playing players.
2021-01-27 04:39:55.809  INFO 14100 --- [XNIO-1 task-8] l.server.io.HandshakeInterceptorImpl     : Incoming connection from /0:0:0:0:0:0:0:1:62664
2021-01-27 04:39:55.814  INFO 14100 --- [XNIO-1 task-8] lavalink.server.io.SocketServer          : Connection successfully established from /0:0:0:0:0:0:0:1:62664
2021-01-27 04:40:50.152  INFO 14100 --- [XNIO-1 I/O-6] lavalink.server.io.SocketServer          : Connection closed from /0:0:0:0:0:0:0:1:62664 -- CloseStatus[code=1006, reason=]
2021-01-27 04:40:50.153  INFO 14100 --- [XNIO-1 I/O-6] lavalink.server.io.SocketContext         : Shutting down 0 playing players.
2021-01-27 04:40:56.371  INFO 14100 --- [XNIO-1 task-9] l.server.io.HandshakeInterceptorImpl     : Incoming connection from /0:0:0:0:0:0:0:1:62679
2021-01-27 04:40:56.380  INFO 14100 --- [XNIO-1 task-9] lavalink.server.io.SocketServer          : Connection successfully established from /0:0:0:0:0:0:0:1:62679
2021-01-27 04:41:49.916  INFO 14100 --- [XNIO-1 I/O-7] lavalink.server.io.SocketServer          : Connection closed from /0:0:0:0:0:0:0:1:62679 -- CloseStatus[code=1006, reason=]
2021-01-27 04:41:49.917  INFO 14100 --- [XNIO-1 I/O-7] lavalink.server.io.SocketContext         : Shutting down 0 playing players.
2021-01-27 04:41:58.004  INFO 14100 --- [XNIO-1 task-10] l.server.io.HandshakeInterceptorImpl     : Incoming connection from /0:0:0:0:0:0:0:1:62691
2021-01-27 04:41:58.013  INFO 14100 --- [XNIO-1 task-10] lavalink.server.io.SocketServer          : Connection successfully established from /0:0:0:0:0:0:0:1:62691
2021-01-27 04:44:20.759  INFO 14100 --- [XNIO-1 I/O-3] lavalink.server.io.SocketServer          : Connection closed from /0:0:0:0:0:0:0:1:62691 -- CloseStatus[code=1006, reason=]
2021-01-27 04:44:20.760  INFO 14100 --- [XNIO-1 I/O-3] lavalink.server.io.SocketContext         : Shutting down 0 playing players.
2021-01-27 04:44:42.822  INFO 14100 --- [XNIO-1 task-11] l.server.io.HandshakeInterceptorImpl     : Incoming connection from /0:0:0:0:0:0:0:1:62716
2021-01-27 04:44:42.830  INFO 14100 --- [XNIO-1 task-11] lavalink.server.io.SocketServer          : Connection successfully established from /0:0:0:0:0:0:0:1:62716
2021-01-27 04:47:42.834  INFO 14100 --- [XNIO-1 I/O-2] lavalink.server.io.SocketServer          : Connection closed from /0:0:0:0:0:0:0:1:62716 -- CloseStatus[code=1006, reason=]
2021-01-27 04:47:42.835  INFO 14100 --- [XNIO-1 I/O-2] lavalink.server.io.SocketContext         : Shutting down 0 playing players.
2021-01-27 04:47:49.531  INFO 14100 --- [XNIO-1 task-12] l.server.io.HandshakeInterceptorImpl     : Incoming connection from /0:0:0:0:0:0:0:1:62731
2021-01-27 04:47:49.540  INFO 14100 --- [XNIO-1 task-12] lavalink.server.io.SocketServer          : Connection successfully established from /0:0:0:0:0:0:0:1:62731
2021-01-27 05:15:12.803  INFO 14100 --- [XNIO-1 I/O-3] lavalink.server.io.SocketServer          : Connection closed from /0:0:0:0:0:0:0:1:62731 -- CloseStatus[code=1006, reason=]
2021-01-27 05:15:12.804  INFO 14100 --- [XNIO-1 I/O-3] lavalink.server.io.SocketContext         : Shutting down 0 playing players.
2021-01-27 05:21:53.156  INFO 14100 --- [XNIO-1 task-13] l.server.io.HandshakeInterceptorImpl     : Incoming connection from /0:0:0:0:0:0:0:1:63251
2021-01-27 05:21:53.160  INFO 14100 --- [XNIO-1 task-13] lavalink.server.io.SocketServer          : Connection successfully established from /0:0:0:0:0:0:0:1:63251
2021-01-27 05:23:25.646  INFO 14100 --- [XNIO-1 I/O-3] lavalink.server.io.SocketServer          : Connection closed from /0:0:0:0:0:0:0:1:63251 -- CloseStatus[code=1006, reason=]
2021-01-27 05:23:25.647  INFO 14100 --- [XNIO-1 I/O-3] lavalink.server.io.SocketContext         : Shutting down 0 playing players.
2021-01-27 05:23:31.725  INFO 14100 --- [XNIO-1 task-14] l.server.io.HandshakeInterceptorImpl     : Incoming connection from /0:0:0:0:0:0:0:1:63258
2021-01-27 05:23:31.729  INFO 14100 --- [XNIO-1 task-14] lavalink.server.io.SocketServer          : Connection successfully established from /0:0:0:0:0:0:0:1:63258
2021-01-27 05:24:11.762  INFO 14100 --- [XNIO-1 I/O-4] lavalink.server.io.SocketServer          : Connection closed from /0:0:0:0:0:0:0:1:63258 -- CloseStatus[code=1006, reason=]
2021-01-27 05:24:11.763  INFO 14100 --- [XNIO-1 I/O-4] lavalink.server.io.SocketContext         : Shutting down 0 playing players.
2021-01-27 05:24:17.728  INFO 14100 --- [XNIO-1 task-15] l.server.io.HandshakeInterceptorImpl     : Incoming connection from /0:0:0:0:0:0:0:1:63268
2021-01-27 05:24:17.732  INFO 14100 --- [XNIO-1 task-15] lavalink.server.io.SocketServer          : Connection successfully established from /0:0:0:0:0:0:0:1:63268
2021-01-27 05:25:51.346  INFO 14100 --- [XNIO-1 I/O-2] lavalink.server.io.SocketServer          : Connection closed from /0:0:0:0:0:0:0:1:63268 -- CloseStatus[code=1006, reason=]
2021-01-27 05:25:51.347  INFO 14100 --- [XNIO-1 I/O-2] lavalink.server.io.SocketContext         : Shutting down 0 playing players.
2021-01-27 05:25:57.389  INFO 14100 --- [XNIO-1 task-16] l.server.io.HandshakeInterceptorImpl     : Incoming connection from /0:0:0:0:0:0:0:1:63288
2021-01-27 05:25:57.393  INFO 14100 --- [XNIO-1 task-16] lavalink.server.io.SocketServer          : Connection successfully established from /0:0:0:0:0:0:0:1:63288
2021-01-27 05:26:43.380  INFO 14100 --- [XNIO-1 I/O-6] lavalink.server.io.SocketServer          : Connection closed from /0:0:0:0:0:0:0:1:63288 -- CloseStatus[code=1006, reason=]
2021-01-27 05:26:43.381  INFO 14100 --- [XNIO-1 I/O-6] lavalink.server.io.SocketContext         : Shutting down 0 playing players.
2021-01-27 05:26:49.905  INFO 14100 --- [XNIO-1 task-17] l.server.io.HandshakeInterceptorImpl     : Incoming connection from /0:0:0:0:0:0:0:1:63297
2021-01-27 05:26:49.909  INFO 14100 --- [XNIO-1 task-17] lavalink.server.io.SocketServer          : Connection successfully established from /0:0:0:0:0:0:0:1:63297
2021-01-27 05:27:14.004  INFO 14100 --- [XNIO-1 I/O-5] lavalink.server.io.SocketServer          : Connection closed from /0:0:0:0:0:0:0:1:63297 -- CloseStatus[code=1006, reason=]
2021-01-27 05:27:14.005  INFO 14100 --- [XNIO-1 I/O-5] lavalink.server.io.SocketContext         : Shutting down 0 playing players.
2021-01-27 05:27:20.347  INFO 14100 --- [XNIO-1 task-18] l.server.io.HandshakeInterceptorImpl     : Incoming connection from /0:0:0:0:0:0:0:1:63303
2021-01-27 05:27:20.351  INFO 14100 --- [XNIO-1 task-18] lavalink.server.io.SocketServer          : Connection successfully established from /0:0:0:0:0:0:0:1:63303
2021-01-27 05:28:25.168  INFO 14100 --- [XNIO-1 I/O-7] lavalink.server.io.SocketServer          : Connection closed from /0:0:0:0:0:0:0:1:63303 -- CloseStatus[code=1006, reason=]
2021-01-27 05:28:25.169  INFO 14100 --- [XNIO-1 I/O-7] lavalink.server.io.SocketContext         : Shutting down 0 playing players.
2021-01-27 05:28:53.579  INFO 14100 --- [XNIO-1 task-19] l.server.io.HandshakeInterceptorImpl     : Incoming connection from /0:0:0:0:0:0:0:1:63315
2021-01-27 05:28:53.583  INFO 14100 --- [XNIO-1 task-19] lavalink.server.io.SocketServer          : Connection successfully established from /0:0:0:0:0:0:0:1:63315
2021-01-27 05:29:30.214  INFO 14100 --- [XNIO-1 I/O-3] lavalink.server.io.SocketServer          : Connection closed from /0:0:0:0:0:0:0:1:63315 -- CloseStatus[code=1006, reason=]
2021-01-27 05:29:30.215  INFO 14100 --- [XNIO-1 I/O-3] lavalink.server.io.SocketContext         : Shutting down 0 playing players.
2021-01-27 05:29:34.801  INFO 14100 --- [XNIO-1 task-20] l.server.io.HandshakeInterceptorImpl     : Incoming connection from /0:0:0:0:0:0:0:1:63321
2021-01-27 05:29:34.805  INFO 14100 --- [XNIO-1 task-20] lavalink.server.io.SocketServer          : Connection successfully established from /0:0:0:0:0:0:0:1:63321
2021-01-27 05:30:38.303  INFO 14100 --- [XNIO-1 I/O-5] lavalink.server.io.SocketServer          : Connection closed from /0:0:0:0:0:0:0:1:63321 -- CloseStatus[code=1006, reason=]
2021-01-27 05:30:38.304  INFO 14100 --- [XNIO-1 I/O-5] lavalink.server.io.SocketContext         : Shutting down 0 playing players.
2021-01-27 05:30:44.510  INFO 14100 --- [XNIO-1 task-21] l.server.io.HandshakeInterceptorImpl     : Incoming connection from /0:0:0:0:0:0:0:1:63327
2021-01-27 05:30:44.514  INFO 14100 --- [XNIO-1 task-21] lavalink.server.io.SocketServer          : Connection successfully established from /0:0:0:0:0:0:0:1:63327
2021-01-27 05:31:18.652  INFO 14100 --- [XNIO-1 I/O-7] lavalink.server.io.SocketServer          : Connection closed from /0:0:0:0:0:0:0:1:63327 -- CloseStatus[code=1006, reason=]
2021-01-27 05:31:18.653  INFO 14100 --- [XNIO-1 I/O-7] lavalink.server.io.SocketContext         : Shutting down 0 playing players.
2021-01-27 05:31:24.617  INFO 14100 --- [XNIO-1 task-22] l.server.io.HandshakeInterceptorImpl     : Incoming connection from /0:0:0:0:0:0:0:1:63334
2021-01-27 05:31:24.621  INFO 14100 --- [XNIO-1 task-22] lavalink.server.io.SocketServer          : Connection successfully established from /0:0:0:0:0:0:0:1:63334
2021-01-27 05:31:43.972  INFO 14100 --- [XNIO-1 I/O-8] lavalink.server.io.SocketServer          : Connection closed from /0:0:0:0:0:0:0:1:63334 -- CloseStatus[code=1006, reason=]
2021-01-27 05:31:43.973  INFO 14100 --- [XNIO-1 I/O-8] lavalink.server.io.SocketContext         : Shutting down 0 playing players.
2021-01-27 05:33:20.568  INFO 14100 --- [XNIO-1 task-23] l.server.io.HandshakeInterceptorImpl     : Incoming connection from /0:0:0:0:0:0:0:1:63344
2021-01-27 05:33:20.573  INFO 14100 --- [XNIO-1 task-23] lavalink.server.io.SocketServer          : Connection successfully established from /0:0:0:0:0:0:0:1:63344
2021-01-27 05:35:18.947  INFO 14100 --- [XNIO-1 I/O-6] lavalink.server.io.SocketServer          : Connection closed from /0:0:0:0:0:0:0:1:63344 -- CloseStatus[code=1006, reason=]
2021-01-27 05:35:18.948  INFO 14100 --- [XNIO-1 I/O-6] lavalink.server.io.SocketContext         : Shutting down 0 playing players.
2021-01-27 05:35:24.963  INFO 14100 --- [XNIO-1 task-24] l.server.io.HandshakeInterceptorImpl     : Incoming connection from /0:0:0:0:0:0:0:1:63356
2021-01-27 05:35:24.967  INFO 14100 --- [XNIO-1 task-24] lavalink.server.io.SocketServer          : Connection successfully established from /0:0:0:0:0:0:0:1:63356
2021-01-27 05:35:49.471  INFO 14100 --- [XNIO-1 I/O-2] lavalink.server.io.SocketServer          : Connection closed from /0:0:0:0:0:0:0:1:63356 -- CloseStatus[code=1006, reason=]
2021-01-27 05:35:49.471  INFO 14100 --- [XNIO-1 I/O-2] lavalink.server.io.SocketContext         : Shutting down 0 playing players.
2021-01-27 05:36:37.284  INFO 14100 --- [XNIO-1 task-25] l.server.io.HandshakeInterceptorImpl     : Incoming connection from /0:0:0:0:0:0:0:1:63365
2021-01-27 05:36:37.288  INFO 14100 --- [XNIO-1 task-25] lavalink.server.io.SocketServer          : Connection successfully established from /0:0:0:0:0:0:0:1:63365
2021-01-27 05:38:27.526  INFO 14100 --- [XNIO-1 I/O-1] lavalink.server.io.SocketServer          : Connection closed from /0:0:0:0:0:0:0:1:63365 -- CloseStatus[code=1006, reason=]
2021-01-27 05:38:27.527  INFO 14100 --- [XNIO-1 I/O-1] lavalink.server.io.SocketContext         : Shutting down 0 playing players.
2021-01-27 05:38:33.330  INFO 14100 --- [XNIO-1 task-26] l.server.io.HandshakeInterceptorImpl     : Incoming connection from /0:0:0:0:0:0:0:1:63374
2021-01-27 05:38:33.334  INFO 14100 --- [XNIO-1 task-26] lavalink.server.io.SocketServer          : Connection successfully established from /0:0:0:0:0:0:0:1:63374
2021-01-27 05:39:54.598  INFO 14100 --- [XNIO-1 I/O-8] lavalink.server.io.SocketServer          : Connection closed from /0:0:0:0:0:0:0:1:63374 -- CloseStatus[code=1006, reason=]
2021-01-27 05:39:54.599  INFO 14100 --- [XNIO-1 I/O-8] lavalink.server.io.SocketContext         : Shutting down 0 playing players.
2021-01-27 05:40:00.930  INFO 14100 --- [XNIO-1 task-27] l.server.io.HandshakeInterceptorImpl     : Incoming connection from /0:0:0:0:0:0:0:1:63444
2021-01-27 05:40:00.934  INFO 14100 --- [XNIO-1 task-27] lavalink.server.io.SocketServer          : Connection successfully established from /0:0:0:0:0:0:0:1:63444
2021-01-27 05:40:24.966  INFO 14100 --- [XNIO-1 I/O-2] lavalink.server.io.SocketServer          : Connection closed from /0:0:0:0:0:0:0:1:63444 -- CloseStatus[code=1006, reason=]
2021-01-27 05:40:24.966  INFO 14100 --- [XNIO-1 I/O-2] lavalink.server.io.SocketContext         : Shutting down 0 playing players.
2021-01-27 05:41:04.035  INFO 14100 --- [XNIO-1 task-28] l.server.io.HandshakeInterceptorImpl     : Incoming connection from /0:0:0:0:0:0:0:1:63453
2021-01-27 05:41:04.039  INFO 14100 --- [XNIO-1 task-28] lavalink.server.io.SocketServer          : Connection successfully established from /0:0:0:0:0:0:0:1:63453
2021-01-27 05:42:04.770  INFO 14100 --- [XNIO-1 I/O-1] lavalink.server.io.SocketServer          : Connection closed from /0:0:0:0:0:0:0:1:63453 -- CloseStatus[code=1006, reason=]
2021-01-27 05:42:04.771  INFO 14100 --- [XNIO-1 I/O-1] lavalink.server.io.SocketContext         : Shutting down 0 playing players.
2021-01-27 05:43:07.398  INFO 14100 --- [XNIO-1 task-29] l.server.io.HandshakeInterceptorImpl     : Incoming connection from /0:0:0:0:0:0:0:1:63464
2021-01-27 05:43:07.401  INFO 14100 --- [XNIO-1 task-29] lavalink.server.io.SocketServer          : Connection successfully established from /0:0:0:0:0:0:0:1:63464
2021-01-27 05:43:54.319  INFO 14100 --- [XNIO-1 I/O-6] lavalink.server.io.SocketServer          : Connection closed from /0:0:0:0:0:0:0:1:63464 -- CloseStatus[code=1006, reason=]
2021-01-27 05:43:54.320  INFO 14100 --- [XNIO-1 I/O-6] lavalink.server.io.SocketContext         : Shutting down 0 playing players.
2021-01-27 05:44:39.262  INFO 14100 --- [XNIO-1 task-30] l.server.io.HandshakeInterceptorImpl     : Incoming connection from /0:0:0:0:0:0:0:1:63476
2021-01-27 05:44:39.266  INFO 14100 --- [XNIO-1 task-30] lavalink.server.io.SocketServer          : Connection successfully established from /0:0:0:0:0:0:0:1:63476
2021-01-27 05:46:02.292  INFO 14100 --- [XNIO-1 I/O-2] lavalink.server.io.SocketServer          : Connection closed from /0:0:0:0:0:0:0:1:63476 -- CloseStatus[code=1006, reason=]
2021-01-27 05:46:02.293  INFO 14100 --- [XNIO-1 I/O-2] lavalink.server.io.SocketContext         : Shutting down 0 playing players.
2021-01-27 05:46:08.396  INFO 14100 --- [XNIO-1 task-31] l.server.io.HandshakeInterceptorImpl     : Incoming connection from /0:0:0:0:0:0:0:1:63483
2021-01-27 05:46:08.401  INFO 14100 --- [XNIO-1 task-31] lavalink.server.io.SocketServer          : Connection successfully established from /0:0:0:0:0:0:0:1:63483
2021-01-27 05:49:27.093  INFO 14100 --- [XNIO-1 I/O-3] lavalink.server.io.SocketServer          : Connection closed from /0:0:0:0:0:0:0:1:63483 -- CloseStatus[code=1006, reason=]
2021-01-27 05:49:27.093  INFO 14100 --- [XNIO-1 I/O-3] lavalink.server.io.SocketContext         : Shutting down 0 playing players.
2021-01-27 05:49:54.723  INFO 14100 --- [XNIO-1 task-32] l.server.io.HandshakeInterceptorImpl     : Incoming connection from /0:0:0:0:0:0:0:1:63500
2021-01-27 05:49:54.727  INFO 14100 --- [XNIO-1 task-32] lavalink.server.io.SocketServer          : Connection successfully established from /0:0:0:0:0:0:0:1:63500
2021-01-27 06:04:01.382  INFO 14100 --- [XNIO-1 I/O-2] lavalink.server.io.SocketServer          : Connection closed from /0:0:0:0:0:0:0:1:63500 -- CloseStatus[code=1006, reason=]
2021-01-27 06:04:01.383  INFO 14100 --- [XNIO-1 I/O-2] lavalink.server.io.SocketContext         : Shutting down 0 playing players.
2021-01-27 06:06:08.451  INFO 14100 --- [XNIO-1 task-33] l.server.io.HandshakeInterceptorImpl     : Incoming connection from /0:0:0:0:0:0:0:1:63756
2021-01-27 06:06:08.454  INFO 14100 --- [XNIO-1 task-33] lavalink.server.io.SocketServer          : Connection successfully established from /0:0:0:0:0:0:0:1:63756
2021-01-27 06:06:57.807  INFO 14100 --- [XNIO-1 I/O-2] lavalink.server.io.SocketServer          : Connection closed from /0:0:0:0:0:0:0:1:63756 -- CloseStatus[code=1006, reason=]
2021-01-27 06:06:57.808  INFO 14100 --- [XNIO-1 I/O-2] lavalink.server.io.SocketContext         : Shutting down 0 playing players.
2021-01-27 06:47:32.383  INFO 14100 --- [XNIO-1 task-34] l.server.io.HandshakeInterceptorImpl     : Incoming connection from /0:0:0:0:0:0:0:1:63910
2021-01-27 06:47:32.388  INFO 14100 --- [XNIO-1 task-34] lavalink.server.io.SocketServer          : Connection successfully established from /0:0:0:0:0:0:0:1:63910
2021-01-27 06:49:17.706  INFO 14100 --- [XNIO-1 I/O-8] lavalink.server.io.SocketServer          : Connection closed from /0:0:0:0:0:0:0:1:63910 -- CloseStatus[code=1006, reason=]
2021-01-27 06:49:17.707  INFO 14100 --- [XNIO-1 I/O-8] lavalink.server.io.SocketContext         : Shutting down 0 playing players.
2021-01-27 06:49:23.865  INFO 14100 --- [XNIO-1 task-35] l.server.io.HandshakeInterceptorImpl     : Incoming connection from /0:0:0:0:0:0:0:1:63926
2021-01-27 06:49:23.868  INFO 14100 --- [XNIO-1 task-35] lavalink.server.io.SocketServer          : Connection successfully established from /0:0:0:0:0:0:0:1:63926
2021-01-27 06:50:59.979  INFO 14100 --- [XNIO-1 I/O-8] lavalink.server.io.SocketServer          : Connection closed from /0:0:0:0:0:0:0:1:63926 -- CloseStatus[code=1006, reason=]
2021-01-27 06:50:59.980  INFO 14100 --- [XNIO-1 I/O-8] lavalink.server.io.SocketContext         : Shutting down 0 playing players.
2021-01-27 06:51:06.460  INFO 14100 --- [XNIO-1 task-36] l.server.io.HandshakeInterceptorImpl     : Incoming connection from /0:0:0:0:0:0:0:1:63940
2021-01-27 06:51:06.463  INFO 14100 --- [XNIO-1 task-36] lavalink.server.io.SocketServer          : Connection successfully established from /0:0:0:0:0:0:0:1:63940
2021-01-27 06:51:59.167  INFO 14100 --- [XNIO-1 I/O-2] lavalink.server.io.SocketServer          : Connection closed from /0:0:0:0:0:0:0:1:63940 -- CloseStatus[code=1006, reason=]
2021-01-27 06:51:59.168  INFO 14100 --- [XNIO-1 I/O-2] lavalink.server.io.SocketContext         : Shutting down 0 playing players.
2021-01-27 06:55:34.652  INFO 14100 --- [XNIO-1 task-37] l.server.io.HandshakeInterceptorImpl     : Incoming connection from /0:0:0:0:0:0:0:1:63961
2021-01-27 06:55:34.656  INFO 14100 --- [XNIO-1 task-37] lavalink.server.io.SocketServer          : Connection successfully established from /0:0:0:0:0:0:0:1:63961
2021-01-27 06:58:31.302  INFO 14100 --- [XNIO-1 I/O-5] lavalink.server.io.SocketServer          : Connection closed from /0:0:0:0:0:0:0:1:63961 -- CloseStatus[code=1006, reason=]
2021-01-27 06:58:31.303  INFO 14100 --- [XNIO-1 I/O-5] lavalink.server.io.SocketContext         : Shutting down 0 playing players.
2021-01-27 06:58:38.673  INFO 14100 --- [XNIO-1 task-38] l.server.io.HandshakeInterceptorImpl     : Incoming connection from /0:0:0:0:0:0:0:1:64006
2021-01-27 06:58:38.677  INFO 14100 --- [XNIO-1 task-38] lavalink.server.io.SocketServer          : Connection successfully established from /0:0:0:0:0:0:0:1:64006
2021-01-27 07:01:29.986  INFO 14100 --- [XNIO-1 I/O-8] lavalink.server.io.SocketServer          : Connection closed from /0:0:0:0:0:0:0:1:64006 -- CloseStatus[code=1006, reason=]
2021-01-27 07:01:29.987  INFO 14100 --- [XNIO-1 I/O-8] lavalink.server.io.SocketContext         : Shutting down 0 playing players.
2021-01-27 07:01:36.017  INFO 14100 --- [XNIO-1 task-39] l.server.io.HandshakeInterceptorImpl     : Incoming connection from /0:0:0:0:0:0:0:1:64028
2021-01-27 07:01:36.021  INFO 14100 --- [XNIO-1 task-39] lavalink.server.io.SocketServer          : Connection successfully established from /0:0:0:0:0:0:0:1:64028
2021-01-27 07:03:53.162  INFO 14100 --- [XNIO-1 I/O-2] lavalink.server.io.SocketServer          : Connection closed from /0:0:0:0:0:0:0:1:64028 -- CloseStatus[code=1006, reason=]
2021-01-27 07:03:53.163  INFO 14100 --- [XNIO-1 I/O-2] lavalink.server.io.SocketContext         : Shutting down 0 playing players.
2021-01-27 07:03:59.110  INFO 14100 --- [XNIO-1 task-40] l.server.io.HandshakeInterceptorImpl     : Incoming connection from /0:0:0:0:0:0:0:1:64042
2021-01-27 07:03:59.114  INFO 14100 --- [XNIO-1 task-40] lavalink.server.io.SocketServer          : Connection successfully established from /0:0:0:0:0:0:0:1:64042
2021-01-27 07:04:40.653  INFO 14100 --- [XNIO-1 I/O-4] lavalink.server.io.SocketServer          : Connection closed from /0:0:0:0:0:0:0:1:64042 -- CloseStatus[code=1006, reason=]
2021-01-27 07:04:40.654  INFO 14100 --- [XNIO-1 I/O-4] lavalink.server.io.SocketContext         : Shutting down 0 playing players.
2021-01-27 07:04:46.785  INFO 14100 --- [XNIO-1 task-41] l.server.io.HandshakeInterceptorImpl     : Incoming connection from /0:0:0:0:0:0:0:1:64053
2021-01-27 07:04:46.789  INFO 14100 --- [XNIO-1 task-41] lavalink.server.io.SocketServer          : Connection successfully established from /0:0:0:0:0:0:0:1:64053
2021-01-27 07:05:48.207  INFO 14100 --- [XNIO-1 I/O-1] lavalink.server.io.SocketServer          : Connection closed from /0:0:0:0:0:0:0:1:64053 -- CloseStatus[code=1006, reason=]
2021-01-27 07:05:48.207  INFO 14100 --- [XNIO-1 I/O-1] lavalink.server.io.SocketContext         : Shutting down 0 playing players.
2021-01-27 07:05:57.832  INFO 14100 --- [XNIO-1 task-42] l.server.io.HandshakeInterceptorImpl     : Incoming connection from /0:0:0:0:0:0:0:1:64062
2021-01-27 07:05:57.847  INFO 14100 --- [XNIO-1 task-42] lavalink.server.io.SocketServer          : Connection successfully established from /0:0:0:0:0:0:0:1:64062
2021-01-27 07:06:39.423  INFO 14100 --- [XNIO-1 I/O-8] lavalink.server.io.SocketServer          : Connection closed from /0:0:0:0:0:0:0:1:64062 -- CloseStatus[code=1006, reason=]
2021-01-27 07:06:39.423  INFO 14100 --- [XNIO-1 I/O-8] lavalink.server.io.SocketContext         : Shutting down 0 playing players.
2021-01-27 07:07:11.662  INFO 14100 --- [XNIO-1 task-43] l.server.io.HandshakeInterceptorImpl     : Incoming connection from /0:0:0:0:0:0:0:1:64080
2021-01-27 07:07:11.666  INFO 14100 --- [XNIO-1 task-43] lavalink.server.io.SocketServer          : Connection successfully established from /0:0:0:0:0:0:0:1:64080
2021-01-27 07:08:01.722  INFO 14100 --- [XNIO-1 I/O-6] lavalink.server.io.SocketServer          : Connection closed from /0:0:0:0:0:0:0:1:64080 -- CloseStatus[code=1006, reason=]
2021-01-27 07:08:01.723  INFO 14100 --- [XNIO-1 I/O-6] lavalink.server.io.SocketContext         : Shutting down 0 playing players.
2021-01-27 07:08:09.461  INFO 14100 --- [XNIO-1 task-44] l.server.io.HandshakeInterceptorImpl     : Incoming connection from /0:0:0:0:0:0:0:1:64089
2021-01-27 07:08:09.465  INFO 14100 --- [XNIO-1 task-44] lavalink.server.io.SocketServer          : Connection successfully established from /0:0:0:0:0:0:0:1:64089
2021-01-27 07:09:04.661  INFO 14100 --- [XNIO-1 I/O-5] lavalink.server.io.SocketServer          : Connection closed from /0:0:0:0:0:0:0:1:64089 -- CloseStatus[code=1006, reason=]
2021-01-27 07:09:04.662  INFO 14100 --- [XNIO-1 I/O-5] lavalink.server.io.SocketContext         : Shutting down 0 playing players.
2021-01-27 07:09:10.968  INFO 14100 --- [XNIO-1 task-45] l.server.io.HandshakeInterceptorImpl     : Incoming connection from /0:0:0:0:0:0:0:1:64098
2021-01-27 07:09:10.972  INFO 14100 --- [XNIO-1 task-45] lavalink.server.io.SocketServer          : Connection successfully established from /0:0:0:0:0:0:0:1:64098
2021-01-27 07:09:46.999  INFO 14100 --- [XNIO-1 I/O-4] lavalink.server.io.SocketServer          : Connection closed from /0:0:0:0:0:0:0:1:64098 -- CloseStatus[code=1006, reason=]
2021-01-27 07:09:47.000  INFO 14100 --- [XNIO-1 I/O-4] lavalink.server.io.SocketContext         : Shutting down 0 playing players.
2021-01-27 07:09:54.459  INFO 14100 --- [XNIO-1 task-46] l.server.io.HandshakeInterceptorImpl     : Incoming connection from /0:0:0:0:0:0:0:1:64105
2021-01-27 07:09:54.462  INFO 14100 --- [XNIO-1 task-46] lavalink.server.io.SocketServer          : Connection successfully established from /0:0:0:0:0:0:0:1:64105
2021-01-27 07:17:25.999  INFO 14100 --- [XNIO-1 I/O-5] lavalink.server.io.SocketServer          : Connection closed from /0:0:0:0:0:0:0:1:64105 -- CloseStatus[code=1006, reason=]
2021-01-27 07:17:26.000  INFO 14100 --- [XNIO-1 I/O-5] lavalink.server.io.SocketContext         : Shutting down 0 playing players.
2021-01-27 07:17:32.196  INFO 14100 --- [XNIO-1 task-47] l.server.io.HandshakeInterceptorImpl     : Incoming connection from /0:0:0:0:0:0:0:1:64163
2021-01-27 07:17:32.200  INFO 14100 --- [XNIO-1 task-47] lavalink.server.io.SocketServer          : Connection successfully established from /0:0:0:0:0:0:0:1:64163
2021-01-27 07:18:44.112  INFO 14100 --- [XNIO-1 I/O-3] lavalink.server.io.SocketServer          : Connection closed from /0:0:0:0:0:0:0:1:64163 -- CloseStatus[code=1006, reason=]
2021-01-27 07:18:44.112  INFO 14100 --- [XNIO-1 I/O-3] lavalink.server.io.SocketContext         : Shutting down 0 playing players.
2021-01-27 07:18:50.897  INFO 14100 --- [XNIO-1 task-48] l.server.io.HandshakeInterceptorImpl     : Incoming connection from /0:0:0:0:0:0:0:1:64175
2021-01-27 07:18:50.901  INFO 14100 --- [XNIO-1 task-48] lavalink.server.io.SocketServer          : Connection successfully established from /0:0:0:0:0:0:0:1:64175
2021-01-27 07:21:07.751  INFO 14100 --- [XNIO-1 I/O-7] lavalink.server.io.SocketServer          : Connection closed from /0:0:0:0:0:0:0:1:64175 -- CloseStatus[code=1006, reason=]
2021-01-27 07:21:07.751  INFO 14100 --- [XNIO-1 I/O-7] lavalink.server.io.SocketContext         : Shutting down 0 playing players.
2021-01-27 07:21:20.281  INFO 14100 --- [XNIO-1 task-49] l.server.io.HandshakeInterceptorImpl     : Incoming connection from /0:0:0:0:0:0:0:1:64191
2021-01-27 07:21:20.284  INFO 14100 --- [XNIO-1 task-49] lavalink.server.io.SocketServer          : Connection successfully established from /0:0:0:0:0:0:0:1:64191
2021-01-27 07:22:08.488  INFO 14100 --- [XNIO-1 I/O-7] lavalink.server.io.SocketServer          : Connection closed from /0:0:0:0:0:0:0:1:64191 -- CloseStatus[code=1006, reason=]
2021-01-27 07:22:08.489  INFO 14100 --- [XNIO-1 I/O-7] lavalink.server.io.SocketContext         : Shutting down 0 playing players.
2021-01-27 07:22:15.233  INFO 14100 --- [XNIO-1 task-50] l.server.io.HandshakeInterceptorImpl     : Incoming connection from /0:0:0:0:0:0:0:1:64202
2021-01-27 07:22:15.237  INFO 14100 --- [XNIO-1 task-50] lavalink.server.io.SocketServer          : Connection successfully established from /0:0:0:0:0:0:0:1:64202
2021-01-27 07:28:36.826  INFO 14100 --- [XNIO-1 I/O-4] lavalink.server.io.SocketServer          : Connection closed from /0:0:0:0:0:0:0:1:64202 -- CloseStatus[code=1006, reason=]
2021-01-27 07:28:36.827  INFO 14100 --- [XNIO-1 I/O-4] lavalink.server.io.SocketContext         : Shutting down 0 playing players.
2021-01-27 07:29:08.911  INFO 14100 --- [XNIO-1 task-51] l.server.io.HandshakeInterceptorImpl     : Incoming connection from /0:0:0:0:0:0:0:1:64340
2021-01-27 07:29:08.915  INFO 14100 --- [XNIO-1 task-51] lavalink.server.io.SocketServer          : Connection successfully established from /0:0:0:0:0:0:0:1:64340
2021-01-27 07:34:06.509  INFO 14100 --- [XNIO-1 I/O-2] lavalink.server.io.SocketServer          : Connection closed from /0:0:0:0:0:0:0:1:64340 -- CloseStatus[code=1006, reason=]
2021-01-27 07:34:06.510  INFO 14100 --- [XNIO-1 I/O-2] lavalink.server.io.SocketContext         : Shutting down 0 playing players.
2021-01-27 07:34:12.675  INFO 14100 --- [XNIO-1 task-52] l.server.io.HandshakeInterceptorImpl     : Incoming connection from /0:0:0:0:0:0:0:1:64428
2021-01-27 07:34:12.678  INFO 14100 --- [XNIO-1 task-52] lavalink.server.io.SocketServer          : Connection successfully established from /0:0:0:0:0:0:0:1:64428
2021-01-27 07:35:56.584  INFO 14100 --- [XNIO-1 I/O-2] lavalink.server.io.SocketServer          : Connection closed from /0:0:0:0:0:0:0:1:64428 -- CloseStatus[code=1006, reason=]
2021-01-27 07:35:56.585  INFO 14100 --- [XNIO-1 I/O-2] lavalink.server.io.SocketContext         : Shutting down 0 playing players.
2021-01-27 07:36:02.309  INFO 14100 --- [XNIO-1 task-53] l.server.io.HandshakeInterceptorImpl     : Incoming connection from /0:0:0:0:0:0:0:1:64437
2021-01-27 07:36:02.314  INFO 14100 --- [XNIO-1 task-53] lavalink.server.io.SocketServer          : Connection successfully established from /0:0:0:0:0:0:0:1:64437
2021-01-27 07:37:51.966  INFO 14100 --- [XNIO-1 I/O-1] lavalink.server.io.SocketServer          : Connection closed from /0:0:0:0:0:0:0:1:64437 -- CloseStatus[code=1006, reason=]
2021-01-27 07:37:51.967  INFO 14100 --- [XNIO-1 I/O-1] lavalink.server.io.SocketContext         : Shutting down 0 playing players.
2021-01-27 07:37:58.520  INFO 14100 --- [XNIO-1 task-54] l.server.io.HandshakeInterceptorImpl     : Incoming connection from /0:0:0:0:0:0:0:1:64452
2021-01-27 07:37:58.523  INFO 14100 --- [XNIO-1 task-54] lavalink.server.io.SocketServer          : Connection successfully established from /0:0:0:0:0:0:0:1:64452
2021-01-27 07:40:41.371  INFO 14100 --- [XNIO-1 I/O-2] lavalink.server.io.SocketServer          : Connection closed from /0:0:0:0:0:0:0:1:64452 -- CloseStatus[code=1006, reason=]
2021-01-27 07:40:41.372  INFO 14100 --- [XNIO-1 I/O-2] lavalink.server.io.SocketContext         : Shutting down 0 playing players.
2021-01-27 07:41:31.252  INFO 14100 --- [XNIO-1 task-55] l.server.io.HandshakeInterceptorImpl     : Incoming connection from /0:0:0:0:0:0:0:1:64472
2021-01-27 07:41:31.256  INFO 14100 --- [XNIO-1 task-55] lavalink.server.io.SocketServer          : Connection successfully established from /0:0:0:0:0:0:0:1:64472
2021-01-27 07:45:31.949  INFO 14100 --- [XNIO-1 I/O-6] lavalink.server.io.SocketServer          : Connection closed from /0:0:0:0:0:0:0:1:64472 -- CloseStatus[code=1006, reason=]
2021-01-27 07:45:31.950  INFO 14100 --- [XNIO-1 I/O-6] lavalink.server.io.SocketContext         : Shutting down 0 playing players.
2021-01-27 07:45:39.355  INFO 14100 --- [XNIO-1 task-56] l.server.io.HandshakeInterceptorImpl     : Incoming connection from /0:0:0:0:0:0:0:1:64489
2021-01-27 07:45:39.358  INFO 14100 --- [XNIO-1 task-56] lavalink.server.io.SocketServer          : Connection successfully established from /0:0:0:0:0:0:0:1:64489
2021-01-27 07:46:17.344  INFO 14100 --- [XNIO-1 I/O-5] lavalink.server.io.SocketServer          : Connection closed from /0:0:0:0:0:0:0:1:64489 -- CloseStatus[code=1006, reason=]
2021-01-27 07:46:17.345  INFO 14100 --- [XNIO-1 I/O-5] lavalink.server.io.SocketContext         : Shutting down 0 playing players.
2021-01-27 07:50:04.740  INFO 14100 --- [XNIO-1 task-57] l.server.io.HandshakeInterceptorImpl     : Incoming connection from /0:0:0:0:0:0:0:1:64501
2021-01-27 07:50:04.743  INFO 14100 --- [XNIO-1 task-57] lavalink.server.io.SocketServer          : Connection successfully established from /0:0:0:0:0:0:0:1:64501
2021-01-27 07:51:17.341  INFO 14100 --- [XNIO-1 I/O-1] lavalink.server.io.SocketServer          : Connection closed from /0:0:0:0:0:0:0:1:64501 -- CloseStatus[code=1006, reason=]
2021-01-27 07:51:17.341  INFO 14100 --- [XNIO-1 I/O-1] lavalink.server.io.SocketContext         : Shutting down 0 playing players.
2021-01-27 07:51:37.363  INFO 14100 --- [XNIO-1 task-58] l.server.io.HandshakeInterceptorImpl     : Incoming connection from /0:0:0:0:0:0:0:1:64521
2021-01-27 07:51:37.366  INFO 14100 --- [XNIO-1 task-58] lavalink.server.io.SocketServer          : Connection successfully established from /0:0:0:0:0:0:0:1:64521
2021-01-27 07:55:20.989  INFO 14100 --- [XNIO-1 I/O-5] lavalink.server.io.SocketServer          : Connection closed from /0:0:0:0:0:0:0:1:64521 -- CloseStatus[code=1006, reason=]
2021-01-27 07:55:20.990  INFO 14100 --- [XNIO-1 I/O-5] lavalink.server.io.SocketContext         : Shutting down 0 playing players.
2021-01-27 07:55:27.269  INFO 14100 --- [XNIO-1 task-59] l.server.io.HandshakeInterceptorImpl     : Incoming connection from /0:0:0:0:0:0:0:1:64743
2021-01-27 07:55:27.273  INFO 14100 --- [XNIO-1 task-59] lavalink.server.io.SocketServer          : Connection successfully established from /0:0:0:0:0:0:0:1:64743
2021-01-27 07:57:42.436  INFO 14100 --- [XNIO-1 I/O-7] lavalink.server.io.SocketServer          : Connection closed from /0:0:0:0:0:0:0:1:64743 -- CloseStatus[code=1006, reason=]
2021-01-27 07:57:42.437  INFO 14100 --- [XNIO-1 I/O-7] lavalink.server.io.SocketContext         : Shutting down 0 playing players.
2021-01-27 07:57:49.176  INFO 14100 --- [XNIO-1 task-60] l.server.io.HandshakeInterceptorImpl     : Incoming connection from /0:0:0:0:0:0:0:1:64822
2021-01-27 07:57:49.180  INFO 14100 --- [XNIO-1 task-60] lavalink.server.io.SocketServer          : Connection successfully established from /0:0:0:0:0:0:0:1:64822
2021-01-27 07:58:43.120  INFO 14100 --- [XNIO-1 I/O-8] lavalink.server.io.SocketServer          : Connection closed from /0:0:0:0:0:0:0:1:64822 -- CloseStatus[code=1006, reason=]
2021-01-27 07:58:43.121  INFO 14100 --- [XNIO-1 I/O-8] lavalink.server.io.SocketContext         : Shutting down 0 playing players.
2021-01-27 07:59:15.988  INFO 14100 --- [XNIO-1 task-61] l.server.io.HandshakeInterceptorImpl     : Incoming connection from /0:0:0:0:0:0:0:1:64856
2021-01-27 07:59:15.992  INFO 14100 --- [XNIO-1 task-61] lavalink.server.io.SocketServer          : Connection successfully established from /0:0:0:0:0:0:0:1:64856
2021-01-27 08:05:06.572  INFO 14100 --- [XNIO-1 I/O-6] lavalink.server.io.SocketServer          : Connection closed from /0:0:0:0:0:0:0:1:64856 -- CloseStatus[code=1006, reason=]
2021-01-27 08:05:06.573  INFO 14100 --- [XNIO-1 I/O-6] lavalink.server.io.SocketContext         : Shutting down 0 playing players.
2021-01-27 08:05:14.599  INFO 14100 --- [Thread-1] o.s.s.concurrent.ThreadPoolTaskExecutor  : Shutting down ExecutorService 'applicationTaskExecutor'
2021-01-27 08:05:14.600  INFO 14100 --- [Thread-1] c.s.d.l.tools.GarbageCollectionMonitor   : GC monitoring disabled.
2021-01-27 08:05:14.606  INFO 14100 --- [Thread-1] io.undertow.servlet                      : Destroying Spring FrameworkServlet 'dispatcherServlet'
2021-01-27 18:57:03.052  INFO 9868 --- [main] lavalink.server.Launcher                 : 

[32m       .  [31m _                  _ _       _    [32m__ _ _
[32m      /\\ [31m| | __ ___   ____ _| (_)_ __ | | __[32m\ \ \ \
[32m     ( ( )[31m| |/ _` \ \ / / _` | | | '_ \| |/ /[32m \ \ \ \
[32m      \\/ [31m| | (_| |\ V / (_| | | | | | |   < [32m  ) ) ) )
[32m       '  [31m|_|\__,_| \_/ \__,_|_|_|_| |_|_|\_\[32m / / / /
[0m    =========================================[32m/_/_/_/[0m

	Version:        3.3.2.2
	Build:          1155
	Build time:     28.11.2020 11:50:13 UTC
	Branch          dev
	Commit:         23c883a
	Commit time:    28.11.2020 11:42:10 UTC
	JVM:            13.0.2
	Lavaplayer      1.3.61

2021-01-27 18:57:03.260  INFO 9868 --- [main] lavalink.server.Launcher                 : Starting Launcher on DESKTOP-4I30U5D with PID 9868 (F:\Eg-Bot\Lavalink.jar started by User in F:\Eg-Bot)
2021-01-27 18:57:03.261  INFO 9868 --- [main] lavalink.server.Launcher                 : No active profile set, falling back to default profiles: default
2021-01-27 18:57:03.401  WARN 9868 --- [background-preinit] o.s.h.c.j.Jackson2ObjectMapperBuilder    : For Jackson Kotlin classes support please add "com.fasterxml.jackson.module:jackson-module-kotlin" to the classpath
2021-01-27 18:57:04.788  WARN 9868 --- [main] io.undertow.websockets.jsr               : UT026010: Buffer pool was not set on WebSocketDeploymentInfo, the default pool will be used
2021-01-27 18:57:04.816  INFO 9868 --- [main] io.undertow.servlet                      : Initializing Spring embedded WebApplicationContext
2021-01-27 18:57:04.816  INFO 9868 --- [main] o.s.web.context.ContextLoader            : Root WebApplicationContext: initialization completed in 1489 ms
2021-01-27 18:57:05.281  WARN 9868 --- [main] l.server.config.SentryConfiguration      : Turning off sentry
2021-01-27 18:57:05.676  INFO 9868 --- [main] c.s.d.l.tools.GarbageCollectionMonitor   : GC monitoring enabled, reporting results every 2 minutes.
2021-01-27 18:57:06.204  INFO 9868 --- [main] lavalink.server.config.KoeConfiguration  : OS: Windows 10, Arch: amd64
2021-01-27 18:57:06.204  WARN 9868 --- [main] lavalink.server.config.KoeConfiguration  : This system and architecture appears to not support native audio sending! GC pauses may cause your bot to stutter during playback.
2021-01-27 18:57:06.438  INFO 9868 --- [main] o.s.s.concurrent.ThreadPoolTaskExecutor  : Initializing ExecutorService 'applicationTaskExecutor'
2021-01-27 18:57:06.757  INFO 9868 --- [main] org.xnio                                 : XNIO version 3.3.8.Final
2021-01-27 18:57:06.774  INFO 9868 --- [main] org.xnio.nio                             : XNIO NIO Implementation Version 3.3.8.Final
2021-01-27 18:57:06.838  INFO 9868 --- [main] o.s.b.w.e.u.UndertowServletWebServer     : Undertow started on port(s) 2333 (http) with context path ''
2021-01-27 18:57:06.843  INFO 9868 --- [main] lavalink.server.Launcher                 : Started Launcher in 4.369 seconds (JVM running for 5.355)
2021-01-27 18:57:06.850  INFO 9868 --- [main] lavalink.server.Launcher                 : You can safely ignore the big red warning about illegal reflection. See https://github.com/Frederikam/Lavalink/issues/295
2021-01-27 18:57:54.814  INFO 9868 --- [XNIO-1 task-1] io.undertow.servlet                      : Initializing Spring DispatcherServlet 'dispatcherServlet'
2021-01-27 18:57:54.816  INFO 9868 --- [XNIO-1 task-1] o.s.web.servlet.DispatcherServlet        : Initializing Servlet 'dispatcherServlet'
2021-01-27 18:57:54.826  INFO 9868 --- [XNIO-1 task-1] o.s.web.servlet.DispatcherServlet        : Completed initialization in 8 ms
2021-01-27 18:57:54.853  INFO 9868 --- [XNIO-1 task-1] l.server.io.HandshakeInterceptorImpl     : Incoming connection from /0:0:0:0:0:0:0:1:61502
2021-01-27 18:57:54.949  INFO 9868 --- [XNIO-1 task-1] lavalink.server.io.SocketServer          : Connection successfully established from /0:0:0:0:0:0:0:1:61502
2021-01-27 18:58:02.913  INFO 9868 --- [XNIO-1 task-2] l.server.player.AudioLoaderRestHandler   : Got request to load for identifier "ytsearch:sweet but psycho"
2021-01-27 18:58:03.166  INFO 9868 --- [XNIO-1 I/O-8] lavalink.server.io.SocketServer          : {"op": "voiceUpdate", "guildId": "792470351132622908", "sessionId": "a81a8098692c2fa877bc50edace930fb", "event": {"token": "f1465612863fcedd", "guild_id": "792470351132622908", "endpoint": "eu-central8445.discord.media:443"}}
2021-01-27 18:58:04.110  INFO 9868 --- [lava-daemon-pool-info-loader-2-thread-1] lavalink.server.player.AudioLoader       : Loaded playlist Search results for: sweet but psycho
2021-01-27 18:58:04.366  INFO 9868 --- [XNIO-1 I/O-8] lavalink.server.io.SocketServer          : {"op": "play", "guildId": "792470351132622908", "track": "QAAAkgIAMUF2YSBNYXggLSBTd2VldCBidXQgUHN5Y2hvIFtPZmZpY2lhbCBNdXNpYyBWaWRlb10AB0F2YSBNYXgAAAAAAAMsgAALV1hCSENRWXh3cjAAAQAraHR0cHM6Ly93d3cueW91dHViZS5jb20vd2F0Y2g/dj1XWEJIQ1FZeHdyMAAHeW91dHViZQAAAAAAAAAA", "noReplace": false, "startTime": "0"}
2021-01-27 18:58:45.535  INFO 9868 --- [XNIO-1 I/O-8] lavalink.server.io.SocketServer          : {"op": "pause", "guildId": "792470351132622908", "pause": true}
2021-01-27 18:59:10.800  INFO 9868 --- [XNIO-1 task-4] l.server.player.AudioLoaderRestHandler   : Got request to load for identifier "ytsearch:nilüfer"
2021-01-27 18:59:11.494  INFO 9868 --- [lava-daemon-pool-info-loader-2-thread-1] lavalink.server.player.AudioLoader       : Loaded playlist Search results for: nilüfer
2021-01-27 18:59:13.936  INFO 9868 --- [XNIO-1 I/O-8] lavalink.server.io.SocketServer          : {"op": "stop", "guildId": "792470351132622908"}
2021-01-27 18:59:13.939  INFO 9868 --- [XNIO-1 I/O-8] lavalink.server.io.SocketServer          : {"op": "play", "guildId": "792470351132622908", "track": "QAAAfgIAG03DvHNsw7xtIEfDvHJzZXMgLSBOaWzDvGZlcgAJb2FkaW1pdGFyAAAAAAAD+4gACy04cWlmenZfRjRRAAEAK2h0dHBzOi8vd3d3LnlvdXR1YmUuY29tL3dhdGNoP3Y9LThxaWZ6dl9GNFEAB3lvdXR1YmUAAAAAAAAAAA==", "noReplace": false, "startTime": "0"}
2021-01-27 18:59:26.486  INFO 9868 --- [XNIO-1 I/O-8] lavalink.server.io.SocketServer          : {"op": "volume", "guildId": "792470351132622908", "volume": 10}
2021-01-27 18:59:26.520  INFO 9868 --- [lava-daemon-pool-playback-1-thread-1] c.s.l.c.natives.NativeLibraryLoader      : Native library libmpg123-0: loading with filter com.sedmelluq.discord.lavaplayer.natives.ConnectorNativeLibLoader$$Lambda$564/0x000000080124c440@1281189b
2021-01-27 18:59:26.536  INFO 9868 --- [lava-daemon-pool-playback-1-thread-1] c.s.l.c.natives.NativeLibraryLoader      : Native library libmpg123-0: successfully loaded.
2021-01-27 18:59:26.537  INFO 9868 --- [lava-daemon-pool-playback-1-thread-1] c.s.l.c.natives.NativeLibraryLoader      : Native library connector: loading with filter null
2021-01-27 18:59:26.613  INFO 9868 --- [lava-daemon-pool-playback-1-thread-1] c.s.l.c.natives.NativeLibraryLoader      : Native library connector: successfully loaded.
2021-01-27 19:00:36.949  INFO 9868 --- [XNIO-1 task-6] l.server.player.AudioLoaderRestHandler   : Got request to load for identifier "ytsearch:biliyom"
2021-01-27 19:00:37.655  INFO 9868 --- [lava-daemon-pool-info-loader-2-thread-1] lavalink.server.player.AudioLoader       : Loaded playlist Search results for: biliyom
2021-01-27 19:01:12.958  INFO 9868 --- [XNIO-1 I/O-8] lavalink.server.io.SocketServer          : {"op": "stop", "guildId": "792470351132622908"}
2021-01-27 19:01:12.964  INFO 9868 --- [XNIO-1 I/O-8] lavalink.server.io.SocketServer          : {"op": "play", "guildId": "792470351132622908", "track": "QAAAiQIAJUVuZXMgQmF0dXIgLSBCaWxpeW9tIChPZmZpY2lhbCBWaWRlbykACkVuZXMgQmF0dXIAAAAAAAJVqAALN2xlUWtrZDVTd2cAAQAraHR0cHM6Ly93d3cueW91dHViZS5jb20vd2F0Y2g/dj03bGVRa2tkNVN3ZwAHeW91dHViZQAAAAAAAAAA", "noReplace": false, "startTime": "0"}
2021-01-27 19:02:03.878  INFO 9868 --- [XNIO-1 task-8] l.server.player.AudioLoaderRestHandler   : Got request to load for identifier "ytsearch:orkundk amcý"
2021-01-27 19:02:04.480  INFO 9868 --- [lava-daemon-pool-info-loader-2-thread-1] lavalink.server.player.AudioLoader       : Loaded playlist Search results for: orkundk amcý
2021-01-27 19:02:18.306  INFO 9868 --- [XNIO-1 I/O-8] lavalink.server.io.SocketServer          : {"op": "stop", "guildId": "792470351132622908"}
2021-01-27 19:02:18.311  INFO 9868 --- [XNIO-1 I/O-8] lavalink.server.io.SocketServer          : {"op": "play", "guildId": "792470351132622908", "track": "QAAAggIAFUFtY8SxIC0gZmVhdC4gUG9yw6dheQATb3JrdW5kayduxLFuIHRhcnrEsQAAAAAAApQoAAtKOTlTaDZCbGtVSQABACtodHRwczovL3d3dy55b3V0dWJlLmNvbS93YXRjaD92PUo5OVNoNkJsa1VJAAd5b3V0dWJlAAAAAAAAAAA=", "noReplace": false, "startTime": "0"}
2021-01-27 19:03:28.384  INFO 9868 --- [XNIO-1 task-10] l.server.player.AudioLoaderRestHandler   : Got request to load for identifier "ytsearch:my little ponny theme song"
2021-01-27 19:03:29.320  INFO 9868 --- [lava-daemon-pool-info-loader-2-thread-1] lavalink.server.player.AudioLoader       : Loaded playlist Search results for: my little ponny theme song
2021-01-27 19:03:31.095  INFO 9868 --- [XNIO-1 I/O-8] lavalink.server.io.SocketServer          : {"op": "stop", "guildId": "792470351132622908"}
2021-01-27 19:03:31.097  INFO 9868 --- [XNIO-1 I/O-8] lavalink.server.io.SocketServer          : {"op": "play", "guildId": "792470351132622908", "track": "QAAAoQIAME15IExpdHRsZSBQb255IC0gRnJpZW5kc2hpcCBpcyBNYWdpYyBUaGVtZSBTb25nIQAXTXkgTGl0dGxlIFBvbnkgT2ZmaWNpYWwAAAAAAAJdeAALWmNCTnh1S1p5TjQAAQAraHR0cHM6Ly93d3cueW91dHViZS5jb20vd2F0Y2g/dj1aY0JOeHVLWnlONAAHeW91dHViZQAAAAAAAAAA", "noReplace": false, "startTime": "0"}
2021-01-27 19:11:06.915  INFO 9868 --- [XNIO-1 I/O-8] lavalink.server.io.SocketServer          : {"op": "stop", "guildId": "792470351132622908"}
2021-01-27 19:11:06.916  INFO 9868 --- [XNIO-1 I/O-8] lavalink.server.io.SocketServer          : {"op": "destroy", "guildId": "792470351132622908"}
2021-01-27 19:21:27.602  INFO 9868 --- [XNIO-1 task-12] l.server.player.AudioLoaderRestHandler   : Got request to load for identifier "ytsearch:nilüfer"
2021-01-27 19:21:27.857  INFO 9868 --- [XNIO-1 I/O-8] lavalink.server.io.SocketServer          : {"op": "voiceUpdate", "guildId": "792470351132622908", "sessionId": "a81a8098692c2fa877bc50edace930fb", "event": {"token": "91f4830b5b87876c", "guild_id": "792470351132622908", "endpoint": "eu-central611.discord.media:443"}}
2021-01-27 19:21:28.432  INFO 9868 --- [lava-daemon-pool-info-loader-2-thread-1] lavalink.server.player.AudioLoader       : Loaded playlist Search results for: nilüfer
2021-01-27 19:21:28.749  INFO 9868 --- [XNIO-1 I/O-8] lavalink.server.io.SocketServer          : {"op": "play", "guildId": "792470351132622908", "track": "QAAAfgIAG03DvHNsw7xtIEfDvHJzZXMgLSBOaWzDvGZlcgAJb2FkaW1pdGFyAAAAAAAD+4gACy04cWlmenZfRjRRAAEAK2h0dHBzOi8vd3d3LnlvdXR1YmUuY29tL3dhdGNoP3Y9LThxaWZ6dl9GNFEAB3lvdXR1YmUAAAAAAAAAAA==", "noReplace": false, "startTime": "0"}
2021-01-27 19:21:37.914  INFO 9868 --- [XNIO-1 I/O-8] lavalink.server.io.SocketServer          : {"op": "volume", "guildId": "792470351132622908", "volume": 20}
2021-01-27 19:21:48.436  INFO 9868 --- [XNIO-1 I/O-8] lavalink.server.io.SocketServer          : {"op": "volume", "guildId": "792470351132622908", "volume": 10}
2021-01-27 19:23:54.650  INFO 9868 --- [XNIO-1 task-14] l.server.player.AudioLoaderRestHandler   : Got request to load for identifier "ytsearch:biliyom"
2021-01-27 19:23:55.362  INFO 9868 --- [lava-daemon-pool-info-loader-2-thread-1] lavalink.server.player.AudioLoader       : Loaded playlist Search results for: biliyom
2021-01-27 19:23:58.876  INFO 9868 --- [XNIO-1 I/O-8] lavalink.server.io.SocketServer          : {"op": "stop", "guildId": "792470351132622908"}
2021-01-27 19:23:58.878  INFO 9868 --- [XNIO-1 I/O-8] lavalink.server.io.SocketServer          : {"op": "play", "guildId": "792470351132622908", "track": "QAAAiQIAJUVuZXMgQmF0dXIgLSBCaWxpeW9tIChPZmZpY2lhbCBWaWRlbykACkVuZXMgQmF0dXIAAAAAAAJVqAALN2xlUWtrZDVTd2cAAQAraHR0cHM6Ly93d3cueW91dHViZS5jb20vd2F0Y2g/dj03bGVRa2tkNVN3ZwAHeW91dHViZQAAAAAAAAAA", "noReplace": false, "startTime": "0"}
2021-01-27 19:26:30.685  INFO 9868 --- [XNIO-1 task-16] l.server.player.AudioLoaderRestHandler   : Got request to load for identifier "ytsearch:baby shark"
2021-01-27 19:26:31.673  INFO 9868 --- [lava-daemon-pool-info-loader-2-thread-1] lavalink.server.player.AudioLoader       : Loaded playlist Search results for: baby shark
2021-01-27 19:26:32.260  INFO 9868 --- [XNIO-1 I/O-8] lavalink.server.io.SocketServer          : {"op": "play", "guildId": "792470351132622908", "track": "QAAAxgIATUJhYnkgU2hhcmsgRGFuY2UgfCBNb3N0IFZpZXdlZCBWaWRlbyBvbiBZb3VUdWJlIHwgUElOS0ZPTkcgU29uZ3MgZm9yIENoaWxkcmVuAB9QaW5rZm9uZyEgS2lkcycgU29uZ3MgJiBTdG9yaWVzAAAAAAACFygAC1hxWnNvZXNhNTV3AAEAK2h0dHBzOi8vd3d3LnlvdXR1YmUuY29tL3dhdGNoP3Y9WHFac29lc2E1NXcAB3lvdXR1YmUAAAAAAAAAAA==", "noReplace": false, "startTime": "0"}
2021-01-27 19:26:39.116  INFO 9868 --- [XNIO-1 I/O-8] lavalink.server.io.SocketServer          : {"op": "stop", "guildId": "792470351132622908"}
2021-01-27 19:26:54.824  INFO 9868 --- [XNIO-1 task-18] l.server.player.AudioLoaderRestHandler   : Got request to load for identifier "ytsearch:baby shark"
2021-01-27 19:26:55.806  INFO 9868 --- [lava-daemon-pool-info-loader-2-thread-1] lavalink.server.player.AudioLoader       : Loaded playlist Search results for: baby shark
2021-01-27 19:26:56.072  INFO 9868 --- [XNIO-1 I/O-8] lavalink.server.io.SocketServer          : {"op": "play", "guildId": "792470351132622908", "track": "QAAAxgIATUJhYnkgU2hhcmsgRGFuY2UgfCBNb3N0IFZpZXdlZCBWaWRlbyBvbiBZb3VUdWJlIHwgUElOS0ZPTkcgU29uZ3MgZm9yIENoaWxkcmVuAB9QaW5rZm9uZyEgS2lkcycgU29uZ3MgJiBTdG9yaWVzAAAAAAACFygAC1hxWnNvZXNhNTV3AAEAK2h0dHBzOi8vd3d3LnlvdXR1YmUuY29tL3dhdGNoP3Y9WHFac29lc2E1NXcAB3lvdXR1YmUAAAAAAAAAAA==", "noReplace": false, "startTime": "0"}
2021-01-27 19:29:09.163  INFO 9868 --- [XNIO-1 task-20] l.server.player.AudioLoaderRestHandler   : Got request to load for identifier "ytsearch:verdi verdi verdi"
2021-01-27 19:29:09.794  INFO 9868 --- [lava-daemon-pool-info-loader-2-thread-1] lavalink.server.player.AudioLoader       : Loaded playlist Search results for: verdi verdi verdi
2021-01-27 19:29:12.957  INFO 9868 --- [XNIO-1 I/O-8] lavalink.server.io.SocketServer          : {"op": "play", "guildId": "792470351132622908", "track": "QAAAeQIAEE11ZGkgdmVyZGkgdmVyZGkAD0lseWFzIMOHYWxhxJ9hbgAAAAAAAnjQAAtqQWZCbExWcFVrVQABACtodHRwczovL3d3dy55b3V0dWJlLmNvbS93YXRjaD92PWpBZkJsTFZwVWtVAAd5b3V0dWJlAAAAAAAAAAA=", "noReplace": false, "startTime": "0"}
2021-01-27 19:31:42.577  INFO 9868 --- [XNIO-1 task-22] l.server.player.AudioLoaderRestHandler   : Got request to load for identifier "ytsearch:mercedes"
2021-01-27 19:31:43.346  INFO 9868 --- [lava-daemon-pool-info-loader-2-thread-1] lavalink.server.player.AudioLoader       : Loaded playlist Search results for: mercedes
2021-01-27 19:31:47.274  INFO 9868 --- [XNIO-1 I/O-8] lavalink.server.io.SocketServer          : {"op": "stop", "guildId": "792470351132622908"}
2021-01-27 19:31:47.275  INFO 9868 --- [XNIO-1 I/O-8] lavalink.server.io.SocketServer          : {"op": "play", "guildId": "792470351132622908", "track": "QAAAjwIAH0VOTyAtIE1FUkNFREVTIChPZmZpY2lhbCBWaWRlbykAFkFMTEVTIE9ERVIgTklYIFJFQ09SRFMAAAAAAANbYAALRm5IdjBuZTB4alkAAQAraHR0cHM6Ly93d3cueW91dHViZS5jb20vd2F0Y2g/dj1Gbkh2MG5lMHhqWQAHeW91dHViZQAAAAAAAAAA", "noReplace": false, "startTime": "0"}
2021-01-27 19:32:07.898  INFO 9868 --- [XNIO-1 I/O-8] lavalink.server.io.SocketServer          : {"op": "volume", "guildId": "792470351132622908", "volume": 50}
2021-01-27 19:33:39.359  INFO 9868 --- [XNIO-1 I/O-8] lavalink.server.io.SocketServer          : {"op": "volume", "guildId": "792470351132622908", "volume": 100}
2021-01-27 19:34:24.714  INFO 9868 --- [XNIO-1 task-24] l.server.player.AudioLoaderRestHandler   : Got request to load for identifier "ytsearch:yaðmurlar anýl piyancý"
2021-01-27 19:34:25.425  INFO 9868 --- [lava-daemon-pool-info-loader-2-thread-1] lavalink.server.player.AudioLoader       : Loaded playlist Search results for: yaðmurlar anýl piyancý
2021-01-27 19:35:27.935  INFO 9868 --- [XNIO-1 I/O-8] lavalink.server.io.SocketServer          : {"op": "play", "guildId": "792470351132622908", "track": "QAAAnAIANFlhxJ9tdXJsYXIgLSBBbsSxbCBQaXlhbmPEsSAmIFBlcmRlbmluIEFyZMSxbmRha2lsZXIADkFuxLFsIFBpeWFuY8SxAAAAAAADncgAC3RtclFYaHdGMFRvAAEAK2h0dHBzOi8vd3d3LnlvdXR1YmUuY29tL3dhdGNoP3Y9dG1yUVhod0YwVG8AB3lvdXR1YmUAAAAAAAAAAA==", "noReplace": false, "startTime": "0"}
2021-01-27 19:39:07.391  INFO 9868 --- [XNIO-1 I/O-8] lavalink.server.io.SocketServer          : {"op": "stop", "guildId": "792470351132622908"}
2021-01-27 19:39:07.393  INFO 9868 --- [XNIO-1 I/O-8] lavalink.server.io.SocketServer          : {"op": "destroy", "guildId": "792470351132622908"}
2021-01-27 19:41:03.803  INFO 9868 --- [XNIO-1 task-26] l.server.player.AudioLoaderRestHandler   : Got request to load for identifier "ytsearch:mercedes eno"
2021-01-27 19:41:04.058  INFO 9868 --- [XNIO-1 I/O-8] lavalink.server.io.SocketServer          : {"op": "voiceUpdate", "guildId": "792470351132622908", "sessionId": "a81a8098692c2fa877bc50edace930fb", "event": {"token": "2f36baa14b9a1a58", "guild_id": "792470351132622908", "endpoint": "eu-central611.discord.media:443"}}
2021-01-27 19:41:04.643  INFO 9868 --- [lava-daemon-pool-info-loader-2-thread-1] lavalink.server.player.AudioLoader       : Loaded playlist Search results for: mercedes eno
2021-01-27 19:41:05.026  INFO 9868 --- [XNIO-1 I/O-8] lavalink.server.io.SocketServer          : {"op": "play", "guildId": "792470351132622908", "track": "QAAAjwIAH0VOTyAtIE1FUkNFREVTIChPZmZpY2lhbCBWaWRlbykAFkFMTEVTIE9ERVIgTklYIFJFQ09SRFMAAAAAAANbYAALRm5IdjBuZTB4alkAAQAraHR0cHM6Ly93d3cueW91dHViZS5jb20vd2F0Y2g/dj1Gbkh2MG5lMHhqWQAHeW91dHViZQAAAAAAAAAA", "noReplace": false, "startTime": "0"}
2021-01-27 19:47:16.907  INFO 9868 --- [XNIO-1 task-28] l.server.player.AudioLoaderRestHandler   : Got request to load for identifier "ytsearch:arda sak"
2021-01-27 19:47:17.655  INFO 9868 --- [lava-daemon-pool-info-loader-2-thread-1] lavalink.server.player.AudioLoader       : Loaded playlist Search results for: arda sak
2021-01-27 19:47:17.969  INFO 9868 --- [XNIO-1 I/O-8] lavalink.server.io.SocketServer          : {"op": "play", "guildId": "792470351132622908", "track": "QAAAuAIATVNhciBNYWthcmF5xLEgxZ5hcmvEsXPEsSAtIFpleW5vxZ8gaWxlIEFkacWfIC0gRcSfbGVuY2VsaSDDh29jdWsgxZ5hcmvEsWxhcsSxABFaZXlub8WfIGlsZSBBZGnFnwAAAAAACh3YAAs0bVRQVlE3Tk1GWQABACtodHRwczovL3d3dy55b3V0dWJlLmNvbS93YXRjaD92PTRtVFBWUTdOTUZZAAd5b3V0dWJlAAAAAAAAAAA=", "noReplace": false, "startTime": "0"}
2021-01-27 19:49:08.077  INFO 9868 --- [XNIO-1 task-30] l.server.player.AudioLoaderRestHandler   : Got request to load for identifier "ytsearch:push me and then just touch me"
2021-01-27 19:49:08.828  INFO 9868 --- [lava-daemon-pool-info-loader-2-thread-1] lavalink.server.player.AudioLoader       : Loaded playlist Search results for: push me and then just touch me
2021-01-27 19:49:17.986  INFO 9868 --- [XNIO-1 I/O-8] lavalink.server.io.SocketServer          : {"op": "volume", "guildId": "792470351132622908", "volume": 20}
2021-01-27 19:49:18.815  INFO 9868 --- [XNIO-1 I/O-8] lavalink.server.io.SocketServer          : {"op": "stop", "guildId": "792470351132622908"}
2021-01-27 19:49:18.817  INFO 9868 --- [XNIO-1 I/O-8] lavalink.server.io.SocketServer          : {"op": "play", "guildId": "792470351132622908", "track": "QAAAgQIAHEJlbm55IEJlbmFzc2kgLSBTYXRpc2ZhY3Rpb24AC1VsdHJhIE11c2ljAAAAAAACPjgAC2EwZmtOZFBpSUw0AAEAK2h0dHBzOi8vd3d3LnlvdXR1YmUuY29tL3dhdGNoP3Y9YTBma05kUGlJTDQAB3lvdXR1YmUAAAAAAAAAAA==", "noReplace": false, "startTime": "0"}
2021-01-27 19:51:56.852  INFO 9868 --- [XNIO-1 task-32] l.server.player.AudioLoaderRestHandler   : Got request to load for identifier "ytsearch:þak þak þak"
2021-01-27 19:51:57.425  INFO 9868 --- [lava-daemon-pool-info-loader-2-thread-1] lavalink.server.player.AudioLoader       : Loaded playlist Search results for: þak þak þak
2021-01-27 19:51:57.785  INFO 9868 --- [XNIO-1 I/O-8] lavalink.server.io.SocketServer          : {"op": "play", "guildId": "792470351132622908", "track": "QAAAsgIATkt1xZ8gVXptYW7EsSBBcm5hdnV0IMWeZXZrZXQgQWJpbWl6IENpYmlsaSBjaWJpbGkgY2liaWxpICwgxZ5hayDFn2FrIMWfYWsgxZ9hawAKQXdha2VhIEpveQAAAAAAA2MwAAtMd0pRaFZPZ0dCZwABACtodHRwczovL3d3dy55b3V0dWJlLmNvbS93YXRjaD92PUx3SlFoVk9nR0JnAAd5b3V0dWJlAAAAAAAAAAA=", "noReplace": false, "startTime": "0"}
2021-01-27 19:52:06.692  INFO 9868 --- [XNIO-1 I/O-8] lavalink.server.io.SocketServer          : {"op": "voiceUpdate", "guildId": "792470351132622908", "sessionId": "a81a8098692c2fa877bc50edace930fb", "event": {"token": "2f36baa14b9a1a58", "guild_id": "792470351132622908", "endpoint": "eu-central611.discord.media:443"}}
2021-01-27 19:52:07.138  INFO 9868 --- [XNIO-1 I/O-8] lavalink.server.io.SocketServer          : {"op": "voiceUpdate", "guildId": "792470351132622908", "sessionId": "a81a8098692c2fa877bc50edace930fb", "event": {"token": "2f36baa14b9a1a58", "guild_id": "792470351132622908", "endpoint": "eu-central611.discord.media:443"}}
2021-01-27 19:56:08.397  INFO 9868 --- [XNIO-1 I/O-8] lavalink.server.io.SocketServer          : {"op": "stop", "guildId": "792470351132622908"}
2021-01-27 19:56:08.399  INFO 9868 --- [XNIO-1 I/O-8] lavalink.server.io.SocketServer          : {"op": "destroy", "guildId": "792470351132622908"}
2021-01-27 19:56:08.725  INFO 9868 --- [XNIO-1 I/O-8] lavalink.server.io.SocketServer          : {"op": "stop", "guildId": "792470351132622908"}
2021-01-27 19:56:08.726  INFO 9868 --- [XNIO-1 I/O-8] lavalink.server.io.SocketServer          : {"op": "destroy", "guildId": "792470351132622908"}
2021-01-27 19:56:09.116  INFO 9868 --- [XNIO-1 I/O-8] lavalink.server.io.SocketServer          : {"op": "stop", "guildId": "792470351132622908"}
2021-01-27 19:56:09.117  INFO 9868 --- [XNIO-1 I/O-8] lavalink.server.io.SocketServer          : {"op": "destroy", "guildId": "792470351132622908"}
2021-01-27 20:00:41.379  INFO 9868 --- [XNIO-1 I/O-8] lavalink.server.io.SocketServer          : {"op": "stop", "guildId": "792470351132622908"}
2021-01-27 20:00:41.379  INFO 9868 --- [XNIO-1 I/O-8] lavalink.server.io.SocketServer          : {"op": "destroy", "guildId": "792470351132622908"}
2021-01-27 20:02:29.280  INFO 9868 --- [XNIO-1 task-34] l.server.player.AudioLoaderRestHandler   : Got request to load for identifier "ytsearch:yeni yýlýn kutlu olsun y"
2021-01-27 20:02:29.536  INFO 9868 --- [XNIO-1 I/O-8] lavalink.server.io.SocketServer          : {"op": "voiceUpdate", "guildId": "792470351132622908", "sessionId": "a81a8098692c2fa877bc50edace930fb", "event": {"token": "3df1ccad9de47a3f", "guild_id": "792470351132622908", "endpoint": "eu-central611.discord.media:443"}}
2021-01-27 20:02:30.069  INFO 9868 --- [lava-daemon-pool-info-loader-2-thread-1] lavalink.server.player.AudioLoader       : Loaded playlist Search results for: yeni yýlýn kutlu olsun y
2021-01-27 20:02:30.357  INFO 9868 --- [XNIO-1 I/O-8] lavalink.server.io.SocketServer          : {"op": "play", "guildId": "792470351132622908", "track": "QAAAjwIAKkfDvGzDp2luIEVyZ8O8bCAtIFllbmkgWcSxbMSxbiBLdXRsdSBPbHN1bgALbmV0ZCBtw7x6aWsAAAAAAAK/IAALd0pTZjg1RnV5OXcAAQAraHR0cHM6Ly93d3cueW91dHViZS5jb20vd2F0Y2g/dj13SlNmODVGdXk5dwAHeW91dHViZQAAAAAAAAAA", "noReplace": false, "startTime": "0"}
2021-01-27 20:02:35.217  INFO 9868 --- [XNIO-1 I/O-8] lavalink.server.io.SocketServer          : {"op": "stop", "guildId": "792470351132622908"}
2021-01-27 20:02:35.222  INFO 9868 --- [XNIO-1 I/O-8] lavalink.server.io.SocketServer          : {"op": "destroy", "guildId": "792470351132622908"}
2021-01-27 20:02:51.608  INFO 9868 --- [XNIO-1 task-36] l.server.player.AudioLoaderRestHandler   : Got request to load for identifier "ytsearch:yei yýlýn kutlu olsun muhammed talha"
2021-01-27 20:02:51.862  INFO 9868 --- [XNIO-1 I/O-8] lavalink.server.io.SocketServer          : {"op": "voiceUpdate", "guildId": "792470351132622908", "sessionId": "a81a8098692c2fa877bc50edace930fb", "event": {"token": "93614ad8084f810c", "guild_id": "792470351132622908", "endpoint": "eu-central611.discord.media:443"}}
2021-01-27 20:02:52.239  INFO 9868 --- [lava-daemon-pool-info-loader-2-thread-1] lavalink.server.player.AudioLoader       : Loaded playlist Search results for: yei yýlýn kutlu olsun muhammed talha
2021-01-27 20:02:52.538  INFO 9868 --- [XNIO-1 I/O-8] lavalink.server.io.SocketServer          : {"op": "play", "guildId": "792470351132622908", "track": "QAAArAIAPMSweWkga2kgZG/En2R1biBUQUxIQSAtIMSwc21lIMOWemVsIERvxJ91bSBHw7xuw7wgxZ5hcmvEsXPEsQAWxLBzbWUgw5Z6ZWwgxZ5hcmvEsWxhcgAAAAAAAU/wAAtwbmxvZVVBQlNKawABACtodHRwczovL3d3dy55b3V0dWJlLmNvbS93YXRjaD92PXBubG9lVUFCU0prAAd5b3V0dWJlAAAAAAAAAAA=", "noReplace": false, "startTime": "0"}
2021-01-27 20:03:06.235  INFO 9868 --- [XNIO-1 I/O-8] lavalink.server.io.SocketServer          : {"op": "volume", "guildId": "792470351132622908", "volume": 10}
2021-01-27 20:03:26.383  INFO 9868 --- [XNIO-1 task-38] l.server.player.AudioLoaderRestHandler   : Got request to load for identifier "ytsearch:yeni yýlýn kutlu olsun abdülkerim"
2021-01-27 20:03:26.991  INFO 9868 --- [lava-daemon-pool-info-loader-2-thread-1] lavalink.server.player.AudioLoader       : Loaded playlist Search results for: yeni yýlýn kutlu olsun abdülkerim
2021-01-27 20:03:31.363  INFO 9868 --- [XNIO-1 I/O-8] lavalink.server.io.SocketServer          : {"op": "stop", "guildId": "792470351132622908"}
2021-01-27 20:03:31.365  INFO 9868 --- [XNIO-1 I/O-8] lavalink.server.io.SocketServer          : {"op": "play", "guildId": "792470351132622908", "track": "QAAArgIAQ8SweWkga2kgRG/En2R1biBBQkTDnExLRVLEsE0gLSDEsHNtZSDDlnplbCBEb8SfdW0gR8O8bsO8IMWeYXJrxLFzxLEAEVN0YXIgUHJvZMO8a3NpeW9uAAAAAAABJPgACzY1UUhLWWVTZG9VAAEAK2h0dHBzOi8vd3d3LnlvdXR1YmUuY29tL3dhdGNoP3Y9NjVRSEtZZVNkb1UAB3lvdXR1YmUAAAAAAAAAAA==", "noReplace": false, "startTime": "0"}
2021-01-27 20:03:59.385  INFO 9868 --- [XNIO-1 task-40] l.server.player.AudioLoaderRestHandler   : Got request to load for identifier "ytsearch:fenasi kerim"
2021-01-27 20:03:59.936  INFO 9868 --- [lava-daemon-pool-info-loader-2-thread-1] lavalink.server.player.AudioLoader       : Loaded playlist Search results for: fenasi kerim
2021-01-27 20:04:03.752  INFO 9868 --- [XNIO-1 I/O-8] lavalink.server.io.SocketServer          : {"op": "stop", "guildId": "792470351132622908"}
2021-01-27 20:04:03.753  INFO 9868 --- [XNIO-1 I/O-8] lavalink.server.io.SocketServer          : {"op": "play", "guildId": "792470351132622908", "track": "QAAAfwIAG2ZhdGloIHBvcnRha2FsIGZlbmFzaSBrZXJpbQAKaXNrZWxldHRpbgAAAAAAASjgAAtiMHlXd1cxMDdtawABACtodHRwczovL3d3dy55b3V0dWJlLmNvbS93YXRjaD92PWIweVd3VzEwN21rAAd5b3V0dWJlAAAAAAAAAAA=", "noReplace": false, "startTime": "0"}
2021-01-27 20:04:10.230  INFO 9868 --- [XNIO-1 I/O-8] lavalink.server.io.SocketServer          : {"op": "volume", "guildId": "792470351132622908", "volume": 100}
2021-01-27 20:05:16.718  INFO 9868 --- [XNIO-1 I/O-8] lavalink.server.io.SocketServer          : {"op": "volume", "guildId": "792470351132622908", "volume": 10}
2021-01-27 20:06:29.213  INFO 9868 --- [XNIO-1 I/O-8] lavalink.server.io.SocketServer          : {"op": "stop", "guildId": "792470351132622908"}
2021-01-27 20:06:29.214  INFO 9868 --- [XNIO-1 I/O-8] lavalink.server.io.SocketServer          : {"op": "destroy", "guildId": "792470351132622908"}
2021-01-27 20:10:19.935  INFO 9868 --- [XNIO-1 I/O-8] lavalink.server.io.SocketServer          : {"op": "stop", "guildId": "792470351132622908"}
2021-01-27 20:10:19.936  INFO 9868 --- [XNIO-1 I/O-8] lavalink.server.io.SocketServer          : {"op": "destroy", "guildId": "792470351132622908"}
2021-01-27 20:11:58.422  INFO 9868 --- [XNIO-1 I/O-8] lavalink.server.io.SocketServer          : Connection closed from /0:0:0:0:0:0:0:1:61502 -- CloseStatus[code=1006, reason=]
2021-01-27 20:11:58.422  INFO 9868 --- [XNIO-1 I/O-8] lavalink.server.io.SocketContext         : Shutting down 0 playing players.
2021-01-27 21:19:16.808  INFO 9868 --- [XNIO-1 task-42] l.server.io.HandshakeInterceptorImpl     : Incoming connection from /0:0:0:0:0:0:0:1:62433
2021-01-27 21:19:16.813  INFO 9868 --- [XNIO-1 task-42] lavalink.server.io.SocketServer          : Connection successfully established from /0:0:0:0:0:0:0:1:62433
2021-01-27 21:19:58.345  INFO 9868 --- [XNIO-1 I/O-5] lavalink.server.io.SocketServer          : Connection closed from /0:0:0:0:0:0:0:1:62433 -- CloseStatus[code=1006, reason=]
2021-01-27 21:19:58.349  INFO 9868 --- [XNIO-1 I/O-5] lavalink.server.io.SocketContext         : Shutting down 0 playing players.
2021-01-27 21:21:41.944  INFO 9868 --- [XNIO-1 task-43] l.server.io.HandshakeInterceptorImpl     : Incoming connection from /0:0:0:0:0:0:0:1:62441
2021-01-27 21:21:41.949  INFO 9868 --- [XNIO-1 task-43] lavalink.server.io.SocketServer          : Connection successfully established from /0:0:0:0:0:0:0:1:62441
2021-01-27 21:22:42.537  INFO 9868 --- [XNIO-1 I/O-5] lavalink.server.io.SocketServer          : Connection closed from /0:0:0:0:0:0:0:1:62441 -- CloseStatus[code=1006, reason=]
2021-01-27 21:22:42.538  INFO 9868 --- [XNIO-1 I/O-5] lavalink.server.io.SocketContext         : Shutting down 0 playing players.
2021-01-27 21:22:49.624  INFO 9868 --- [XNIO-1 task-44] l.server.io.HandshakeInterceptorImpl     : Incoming connection from /0:0:0:0:0:0:0:1:62456
2021-01-27 21:22:49.628  INFO 9868 --- [XNIO-1 task-44] lavalink.server.io.SocketServer          : Connection successfully established from /0:0:0:0:0:0:0:1:62456
2021-01-27 21:23:40.142  INFO 9868 --- [XNIO-1 I/O-6] lavalink.server.io.SocketServer          : Connection closed from /0:0:0:0:0:0:0:1:62456 -- CloseStatus[code=1006, reason=]
2021-01-27 21:23:40.142  INFO 9868 --- [XNIO-1 I/O-6] lavalink.server.io.SocketContext         : Shutting down 0 playing players.
2021-01-27 21:23:46.132  INFO 9868 --- [XNIO-1 task-45] l.server.io.HandshakeInterceptorImpl     : Incoming connection from /0:0:0:0:0:0:0:1:62465
2021-01-27 21:23:46.136  INFO 9868 --- [XNIO-1 task-45] lavalink.server.io.SocketServer          : Connection successfully established from /0:0:0:0:0:0:0:1:62465
2021-01-27 21:24:45.078  INFO 9868 --- [XNIO-1 I/O-5] lavalink.server.io.SocketServer          : Connection closed from /0:0:0:0:0:0:0:1:62465 -- CloseStatus[code=1006, reason=]
2021-01-27 21:24:45.079  INFO 9868 --- [XNIO-1 I/O-5] lavalink.server.io.SocketContext         : Shutting down 0 playing players.
2021-01-27 21:24:51.421  INFO 9868 --- [XNIO-1 task-46] l.server.io.HandshakeInterceptorImpl     : Incoming connection from /0:0:0:0:0:0:0:1:62489
2021-01-27 21:24:51.425  INFO 9868 --- [XNIO-1 task-46] lavalink.server.io.SocketServer          : Connection successfully established from /0:0:0:0:0:0:0:1:62489
2021-01-27 21:25:30.694  INFO 9868 --- [XNIO-1 I/O-5] lavalink.server.io.SocketServer          : Connection closed from /0:0:0:0:0:0:0:1:62489 -- CloseStatus[code=1006, reason=]
2021-01-27 21:25:30.695  INFO 9868 --- [XNIO-1 I/O-5] lavalink.server.io.SocketContext         : Shutting down 0 playing players.
2021-01-27 21:26:19.330  INFO 9868 --- [XNIO-1 task-47] l.server.io.HandshakeInterceptorImpl     : Incoming connection from /0:0:0:0:0:0:0:1:62503
2021-01-27 21:26:19.334  INFO 9868 --- [XNIO-1 task-47] lavalink.server.io.SocketServer          : Connection successfully established from /0:0:0:0:0:0:0:1:62503
2021-01-27 21:26:49.040  INFO 9868 --- [XNIO-1 I/O-7] lavalink.server.io.SocketServer          : Connection closed from /0:0:0:0:0:0:0:1:62503 -- CloseStatus[code=1006, reason=]
2021-01-27 21:26:49.040  INFO 9868 --- [XNIO-1 I/O-7] lavalink.server.io.SocketContext         : Shutting down 0 playing players.
2021-01-27 21:27:13.739  INFO 9868 --- [XNIO-1 task-48] l.server.io.HandshakeInterceptorImpl     : Incoming connection from /0:0:0:0:0:0:0:1:62511
2021-01-27 21:27:13.742  INFO 9868 --- [XNIO-1 task-48] lavalink.server.io.SocketServer          : Connection successfully established from /0:0:0:0:0:0:0:1:62511
2021-01-27 21:27:37.236  INFO 9868 --- [XNIO-1 I/O-7] lavalink.server.io.SocketServer          : Connection closed from /0:0:0:0:0:0:0:1:62511 -- CloseStatus[code=1006, reason=]
2021-01-27 21:27:37.236  INFO 9868 --- [XNIO-1 I/O-7] lavalink.server.io.SocketContext         : Shutting down 0 playing players.
2021-01-27 21:28:33.775  INFO 9868 --- [XNIO-1 task-49] l.server.io.HandshakeInterceptorImpl     : Incoming connection from /0:0:0:0:0:0:0:1:62520
2021-01-27 21:28:33.780  INFO 9868 --- [XNIO-1 task-49] lavalink.server.io.SocketServer          : Connection successfully established from /0:0:0:0:0:0:0:1:62520
2021-01-27 21:28:58.880  INFO 9868 --- [XNIO-1 I/O-6] lavalink.server.io.SocketServer          : Connection closed from /0:0:0:0:0:0:0:1:62520 -- CloseStatus[code=1006, reason=]
2021-01-27 21:28:58.880  INFO 9868 --- [XNIO-1 I/O-6] lavalink.server.io.SocketContext         : Shutting down 0 playing players.
2021-01-27 21:30:23.998  INFO 9868 --- [XNIO-1 task-50] l.server.io.HandshakeInterceptorImpl     : Incoming connection from /0:0:0:0:0:0:0:1:62530
2021-01-27 21:30:24.001  INFO 9868 --- [XNIO-1 task-50] lavalink.server.io.SocketServer          : Connection successfully established from /0:0:0:0:0:0:0:1:62530
2021-01-27 21:30:50.118  INFO 9868 --- [XNIO-1 I/O-4] lavalink.server.io.SocketServer          : Connection closed from /0:0:0:0:0:0:0:1:62530 -- CloseStatus[code=1006, reason=]
2021-01-27 21:30:50.122  INFO 9868 --- [XNIO-1 I/O-4] lavalink.server.io.SocketContext         : Shutting down 0 playing players.
2021-01-27 21:34:12.734  INFO 9868 --- [XNIO-1 task-51] l.server.io.HandshakeInterceptorImpl     : Incoming connection from /0:0:0:0:0:0:0:1:62668
2021-01-27 21:34:12.741  INFO 9868 --- [XNIO-1 task-51] lavalink.server.io.SocketServer          : Connection successfully established from /0:0:0:0:0:0:0:1:62668
2021-01-27 21:36:36.077  INFO 9868 --- [XNIO-1 I/O-2] lavalink.server.io.SocketServer          : Connection closed from /0:0:0:0:0:0:0:1:62668 -- CloseStatus[code=1006, reason=]
2021-01-27 21:36:36.078  INFO 9868 --- [XNIO-1 I/O-2] lavalink.server.io.SocketContext         : Shutting down 0 playing players.
2021-01-27 21:37:48.022  INFO 9868 --- [XNIO-1 task-52] l.server.io.HandshakeInterceptorImpl     : Incoming connection from /0:0:0:0:0:0:0:1:62745
2021-01-27 21:37:48.027  INFO 9868 --- [XNIO-1 task-52] lavalink.server.io.SocketServer          : Connection successfully established from /0:0:0:0:0:0:0:1:62745
2021-01-27 21:44:15.390  INFO 9868 --- [XNIO-1 I/O-5] lavalink.server.io.SocketServer          : Connection closed from /0:0:0:0:0:0:0:1:62745 -- CloseStatus[code=1006, reason=]
2021-01-27 21:44:15.391  INFO 9868 --- [XNIO-1 I/O-5] lavalink.server.io.SocketContext         : Shutting down 0 playing players.
2021-01-27 21:44:28.455  INFO 9868 --- [XNIO-1 task-53] l.server.io.HandshakeInterceptorImpl     : Incoming connection from /0:0:0:0:0:0:0:1:62775
2021-01-27 21:44:28.458  INFO 9868 --- [XNIO-1 task-53] lavalink.server.io.SocketServer          : Connection successfully established from /0:0:0:0:0:0:0:1:62775
2021-01-27 21:45:00.284  INFO 9868 --- [XNIO-1 I/O-7] lavalink.server.io.SocketServer          : Connection closed from /0:0:0:0:0:0:0:1:62775 -- CloseStatus[code=1006, reason=]
2021-01-27 21:45:00.285  INFO 9868 --- [XNIO-1 I/O-7] lavalink.server.io.SocketContext         : Shutting down 0 playing players.
2021-01-27 21:45:09.502  INFO 9868 --- [XNIO-1 task-54] l.server.io.HandshakeInterceptorImpl     : Incoming connection from /0:0:0:0:0:0:0:1:62785
2021-01-27 21:45:09.507  INFO 9868 --- [XNIO-1 task-54] lavalink.server.io.SocketServer          : Connection successfully established from /0:0:0:0:0:0:0:1:62785
2021-01-27 21:45:55.870  INFO 9868 --- [XNIO-1 I/O-5] lavalink.server.io.SocketServer          : Connection closed from /0:0:0:0:0:0:0:1:62785 -- CloseStatus[code=1006, reason=]
2021-01-27 21:45:55.871  INFO 9868 --- [XNIO-1 I/O-5] lavalink.server.io.SocketContext         : Shutting down 0 playing players.
2021-01-27 21:46:01.587  INFO 9868 --- [XNIO-1 task-55] l.server.io.HandshakeInterceptorImpl     : Incoming connection from /0:0:0:0:0:0:0:1:62792
2021-01-27 21:46:01.591  INFO 9868 --- [XNIO-1 task-55] lavalink.server.io.SocketServer          : Connection successfully established from /0:0:0:0:0:0:0:1:62792
2021-01-27 21:51:55.339  INFO 9868 --- [XNIO-1 I/O-6] lavalink.server.io.SocketServer          : Connection closed from /0:0:0:0:0:0:0:1:62792 -- CloseStatus[code=1006, reason=]
2021-01-27 21:51:55.339  INFO 9868 --- [XNIO-1 I/O-6] lavalink.server.io.SocketContext         : Shutting down 0 playing players.
2021-01-27 21:52:01.596  INFO 9868 --- [XNIO-1 task-56] l.server.io.HandshakeInterceptorImpl     : Incoming connection from /0:0:0:0:0:0:0:1:62807
2021-01-27 21:52:01.600  INFO 9868 --- [XNIO-1 task-56] lavalink.server.io.SocketServer          : Connection successfully established from /0:0:0:0:0:0:0:1:62807
2021-01-27 21:54:30.245  INFO 9868 --- [XNIO-1 I/O-7] lavalink.server.io.SocketServer          : Connection closed from /0:0:0:0:0:0:0:1:62807 -- CloseStatus[code=1006, reason=]
2021-01-27 21:54:30.246  INFO 9868 --- [XNIO-1 I/O-7] lavalink.server.io.SocketContext         : Shutting down 0 playing players.
2021-01-27 21:54:36.005  INFO 9868 --- [XNIO-1 task-57] l.server.io.HandshakeInterceptorImpl     : Incoming connection from /0:0:0:0:0:0:0:1:62839
2021-01-27 21:54:36.010  INFO 9868 --- [XNIO-1 task-57] lavalink.server.io.SocketServer          : Connection successfully established from /0:0:0:0:0:0:0:1:62839
2021-01-27 21:55:04.314  INFO 9868 --- [XNIO-1 I/O-7] lavalink.server.io.SocketServer          : Connection closed from /0:0:0:0:0:0:0:1:62839 -- CloseStatus[code=1006, reason=]
2021-01-27 21:55:04.315  INFO 9868 --- [XNIO-1 I/O-7] lavalink.server.io.SocketContext         : Shutting down 0 playing players.
2021-01-27 21:55:10.288  INFO 9868 --- [XNIO-1 task-58] l.server.io.HandshakeInterceptorImpl     : Incoming connection from /0:0:0:0:0:0:0:1:62845
2021-01-27 21:55:10.292  INFO 9868 --- [XNIO-1 task-58] lavalink.server.io.SocketServer          : Connection successfully established from /0:0:0:0:0:0:0:1:62845
2021-01-27 22:00:11.372  INFO 9868 --- [XNIO-1 task-59] l.server.player.AudioLoaderRestHandler   : Got request to load for identifier "ytsearch:verdi verdi mudi"
2021-01-27 22:00:11.912  INFO 9868 --- [XNIO-1 I/O-1] lavalink.server.io.SocketServer          : {"op": "voiceUpdate", "guildId": "792470351132622908", "sessionId": "e7b1e1849a0f880f60559fc421efbe14", "event": {"token": "dcb21cc8354adb1a", "guild_id": "792470351132622908", "endpoint": "eu-central329.discord.media:443"}}
2021-01-27 22:00:12.153  INFO 9868 --- [lava-daemon-pool-info-loader-2-thread-1] lavalink.server.player.AudioLoader       : Loaded playlist Search results for: verdi verdi mudi
2021-01-27 22:00:12.448  INFO 9868 --- [XNIO-1 I/O-1] lavalink.server.io.SocketServer          : {"op": "play", "guildId": "792470351132622908", "track": "QAAAeQIAEE11ZGkgdmVyZGkgdmVyZGkAD0lseWFzIMOHYWxhxJ9hbgAAAAAAAnjQAAtqQWZCbExWcFVrVQABACtodHRwczovL3d3dy55b3V0dWJlLmNvbS93YXRjaD92PWpBZkJsTFZwVWtVAAd5b3V0dWJlAAAAAAAAAAA=", "noReplace": false, "startTime": "0"}
2021-01-27 22:00:19.202  INFO 9868 --- [XNIO-1 I/O-1] lavalink.server.io.SocketServer          : {"op": "volume", "guildId": "792470351132622908", "volume": 10}
2021-01-27 22:01:57.286  INFO 9868 --- [XNIO-1 I/O-1] lavalink.server.io.SocketServer          : Connection closed from /0:0:0:0:0:0:0:1:62845 -- CloseStatus[code=1006, reason=]
2021-01-27 22:01:57.286  INFO 9868 --- [XNIO-1 I/O-1] lavalink.server.io.SocketContext         : Shutting down 1 playing players.
2021-01-27 22:02:07.630  INFO 9868 --- [Thread-1] o.s.s.concurrent.ThreadPoolTaskExecutor  : Shutting down ExecutorService 'applicationTaskExecutor'
2021-01-27 22:02:07.632  INFO 9868 --- [Thread-1] c.s.d.l.tools.GarbageCollectionMonitor   : GC monitoring disabled.
2021-01-27 22:02:07.636  INFO 9868 --- [Thread-1] io.undertow.servlet                      : Destroying Spring FrameworkServlet 'dispatcherServlet'
